[2024-11-26T06:53:41.320+0000] {processor.py:186} INFO - Started process (PID=32) to work on /opt/airflow/dags/extract_weather.py
[2024-11-26T06:53:41.321+0000] {processor.py:914} INFO - Processing file /opt/airflow/dags/extract_weather.py for tasks to queue
[2024-11-26T06:53:41.323+0000] {logging_mixin.py:190} INFO - [2024-11-26T06:53:41.323+0000] {dagbag.py:588} INFO - Filling up the DagBag from /opt/airflow/dags/extract_weather.py
[2024-11-26T06:53:42.144+0000] {processor.py:925} INFO - DAG(s) 'extract_weather_dag' retrieved from /opt/airflow/dags/extract_weather.py
[2024-11-26T06:53:42.222+0000] {logging_mixin.py:190} INFO - [2024-11-26T06:53:42.221+0000] {dag.py:3239} INFO - Sync 1 DAGs
[2024-11-26T06:53:42.263+0000] {logging_mixin.py:190} INFO - [2024-11-26T06:53:42.263+0000] {dag.py:4180} INFO - Setting next_dagrun for extract_weather_dag to 2024-11-26 00:00:00+00:00, run_after=2024-11-27 00:00:00+00:00
[2024-11-26T06:53:42.293+0000] {processor.py:208} INFO - Processing /opt/airflow/dags/extract_weather.py took 0.980 seconds
[2024-11-26T06:54:13.067+0000] {processor.py:186} INFO - Started process (PID=84) to work on /opt/airflow/dags/extract_weather.py
[2024-11-26T06:54:13.070+0000] {processor.py:914} INFO - Processing file /opt/airflow/dags/extract_weather.py for tasks to queue
[2024-11-26T06:54:13.072+0000] {logging_mixin.py:190} INFO - [2024-11-26T06:54:13.072+0000] {dagbag.py:588} INFO - Filling up the DagBag from /opt/airflow/dags/extract_weather.py
[2024-11-26T06:54:13.690+0000] {processor.py:925} INFO - DAG(s) 'extract_weather_dag' retrieved from /opt/airflow/dags/extract_weather.py
[2024-11-26T06:54:13.726+0000] {logging_mixin.py:190} INFO - [2024-11-26T06:54:13.725+0000] {dag.py:3239} INFO - Sync 1 DAGs
[2024-11-26T06:54:13.769+0000] {logging_mixin.py:190} INFO - [2024-11-26T06:54:13.769+0000] {dag.py:4180} INFO - Setting next_dagrun for extract_weather_dag to 2024-11-26 00:00:00+00:00, run_after=2024-11-27 00:00:00+00:00
[2024-11-26T06:54:13.807+0000] {processor.py:208} INFO - Processing /opt/airflow/dags/extract_weather.py took 0.746 seconds
[2024-11-26T06:54:44.702+0000] {processor.py:186} INFO - Started process (PID=135) to work on /opt/airflow/dags/extract_weather.py
[2024-11-26T06:54:44.703+0000] {processor.py:914} INFO - Processing file /opt/airflow/dags/extract_weather.py for tasks to queue
[2024-11-26T06:54:44.706+0000] {logging_mixin.py:190} INFO - [2024-11-26T06:54:44.706+0000] {dagbag.py:588} INFO - Filling up the DagBag from /opt/airflow/dags/extract_weather.py
[2024-11-26T06:54:45.304+0000] {processor.py:925} INFO - DAG(s) 'extract_weather_dag' retrieved from /opt/airflow/dags/extract_weather.py
[2024-11-26T06:54:45.332+0000] {logging_mixin.py:190} INFO - [2024-11-26T06:54:45.331+0000] {dag.py:3239} INFO - Sync 1 DAGs
[2024-11-26T06:54:45.360+0000] {logging_mixin.py:190} INFO - [2024-11-26T06:54:45.359+0000] {dag.py:4180} INFO - Setting next_dagrun for extract_weather_dag to 2024-11-26 00:00:00+00:00, run_after=2024-11-27 00:00:00+00:00
[2024-11-26T06:54:45.384+0000] {processor.py:208} INFO - Processing /opt/airflow/dags/extract_weather.py took 0.689 seconds
[2024-11-26T06:55:15.506+0000] {processor.py:186} INFO - Started process (PID=181) to work on /opt/airflow/dags/extract_weather.py
[2024-11-26T06:55:15.508+0000] {processor.py:914} INFO - Processing file /opt/airflow/dags/extract_weather.py for tasks to queue
[2024-11-26T06:55:15.511+0000] {logging_mixin.py:190} INFO - [2024-11-26T06:55:15.510+0000] {dagbag.py:588} INFO - Filling up the DagBag from /opt/airflow/dags/extract_weather.py
[2024-11-26T06:55:16.112+0000] {processor.py:925} INFO - DAG(s) 'extract_weather_dag' retrieved from /opt/airflow/dags/extract_weather.py
[2024-11-26T06:55:16.141+0000] {logging_mixin.py:190} INFO - [2024-11-26T06:55:16.141+0000] {dag.py:3239} INFO - Sync 1 DAGs
[2024-11-26T06:55:16.173+0000] {logging_mixin.py:190} INFO - [2024-11-26T06:55:16.172+0000] {dag.py:4180} INFO - Setting next_dagrun for extract_weather_dag to 2024-11-26 00:00:00+00:00, run_after=2024-11-27 00:00:00+00:00
[2024-11-26T06:55:16.199+0000] {processor.py:208} INFO - Processing /opt/airflow/dags/extract_weather.py took 0.698 seconds
[2024-11-26T06:55:46.560+0000] {processor.py:186} INFO - Started process (PID=231) to work on /opt/airflow/dags/extract_weather.py
[2024-11-26T06:55:46.562+0000] {processor.py:914} INFO - Processing file /opt/airflow/dags/extract_weather.py for tasks to queue
[2024-11-26T06:55:46.564+0000] {logging_mixin.py:190} INFO - [2024-11-26T06:55:46.564+0000] {dagbag.py:588} INFO - Filling up the DagBag from /opt/airflow/dags/extract_weather.py
[2024-11-26T06:55:47.753+0000] {processor.py:925} INFO - DAG(s) 'extract_weather_dag' retrieved from /opt/airflow/dags/extract_weather.py
[2024-11-26T06:55:47.786+0000] {logging_mixin.py:190} INFO - [2024-11-26T06:55:47.786+0000] {dag.py:3239} INFO - Sync 1 DAGs
[2024-11-26T06:55:47.832+0000] {logging_mixin.py:190} INFO - [2024-11-26T06:55:47.831+0000] {dag.py:4180} INFO - Setting next_dagrun for extract_weather_dag to 2024-11-26 00:00:00+00:00, run_after=2024-11-27 00:00:00+00:00
[2024-11-26T06:55:47.871+0000] {processor.py:208} INFO - Processing /opt/airflow/dags/extract_weather.py took 1.316 seconds
[2024-11-26T06:56:18.843+0000] {processor.py:186} INFO - Started process (PID=277) to work on /opt/airflow/dags/extract_weather.py
[2024-11-26T06:56:18.845+0000] {processor.py:914} INFO - Processing file /opt/airflow/dags/extract_weather.py for tasks to queue
[2024-11-26T06:56:18.847+0000] {logging_mixin.py:190} INFO - [2024-11-26T06:56:18.847+0000] {dagbag.py:588} INFO - Filling up the DagBag from /opt/airflow/dags/extract_weather.py
[2024-11-26T06:56:19.655+0000] {processor.py:925} INFO - DAG(s) 'extract_weather_dag' retrieved from /opt/airflow/dags/extract_weather.py
[2024-11-26T06:56:19.688+0000] {logging_mixin.py:190} INFO - [2024-11-26T06:56:19.687+0000] {dag.py:3239} INFO - Sync 1 DAGs
[2024-11-26T06:56:19.737+0000] {logging_mixin.py:190} INFO - [2024-11-26T06:56:19.736+0000] {dag.py:4180} INFO - Setting next_dagrun for extract_weather_dag to 2024-11-26 00:00:00+00:00, run_after=2024-11-27 00:00:00+00:00
[2024-11-26T06:56:19.766+0000] {processor.py:208} INFO - Processing /opt/airflow/dags/extract_weather.py took 0.916 seconds
[2024-11-26T06:56:50.517+0000] {processor.py:186} INFO - Started process (PID=288) to work on /opt/airflow/dags/extract_weather.py
[2024-11-26T06:56:50.518+0000] {processor.py:914} INFO - Processing file /opt/airflow/dags/extract_weather.py for tasks to queue
[2024-11-26T06:56:50.520+0000] {logging_mixin.py:190} INFO - [2024-11-26T06:56:50.520+0000] {dagbag.py:588} INFO - Filling up the DagBag from /opt/airflow/dags/extract_weather.py
[2024-11-26T06:56:51.092+0000] {processor.py:925} INFO - DAG(s) 'extract_weather_dag' retrieved from /opt/airflow/dags/extract_weather.py
[2024-11-26T06:56:51.133+0000] {logging_mixin.py:190} INFO - [2024-11-26T06:56:51.132+0000] {dag.py:3239} INFO - Sync 1 DAGs
[2024-11-26T06:56:51.169+0000] {logging_mixin.py:190} INFO - [2024-11-26T06:56:51.168+0000] {dag.py:4180} INFO - Setting next_dagrun for extract_weather_dag to 2024-11-26 00:00:00+00:00, run_after=2024-11-27 00:00:00+00:00
[2024-11-26T06:56:51.201+0000] {processor.py:208} INFO - Processing /opt/airflow/dags/extract_weather.py took 0.690 seconds
[2024-11-26T06:57:21.537+0000] {processor.py:186} INFO - Started process (PID=290) to work on /opt/airflow/dags/extract_weather.py
[2024-11-26T06:57:21.538+0000] {processor.py:914} INFO - Processing file /opt/airflow/dags/extract_weather.py for tasks to queue
[2024-11-26T06:57:21.549+0000] {logging_mixin.py:190} INFO - [2024-11-26T06:57:21.549+0000] {dagbag.py:588} INFO - Filling up the DagBag from /opt/airflow/dags/extract_weather.py
[2024-11-26T06:57:23.120+0000] {processor.py:925} INFO - DAG(s) 'extract_weather_dag' retrieved from /opt/airflow/dags/extract_weather.py
[2024-11-26T06:57:23.188+0000] {logging_mixin.py:190} INFO - [2024-11-26T06:57:23.187+0000] {dag.py:3239} INFO - Sync 1 DAGs
[2024-11-26T06:57:23.261+0000] {logging_mixin.py:190} INFO - [2024-11-26T06:57:23.261+0000] {dag.py:4180} INFO - Setting next_dagrun for extract_weather_dag to 2024-11-26 00:00:00+00:00, run_after=2024-11-27 00:00:00+00:00
[2024-11-26T06:57:23.379+0000] {processor.py:208} INFO - Processing /opt/airflow/dags/extract_weather.py took 1.848 seconds
[2024-11-26T06:57:53.472+0000] {processor.py:186} INFO - Started process (PID=292) to work on /opt/airflow/dags/extract_weather.py
[2024-11-26T06:57:53.474+0000] {processor.py:914} INFO - Processing file /opt/airflow/dags/extract_weather.py for tasks to queue
[2024-11-26T06:57:53.478+0000] {logging_mixin.py:190} INFO - [2024-11-26T06:57:53.477+0000] {dagbag.py:588} INFO - Filling up the DagBag from /opt/airflow/dags/extract_weather.py
[2024-11-26T06:57:54.254+0000] {processor.py:925} INFO - DAG(s) 'extract_weather_dag' retrieved from /opt/airflow/dags/extract_weather.py
[2024-11-26T06:57:54.288+0000] {logging_mixin.py:190} INFO - [2024-11-26T06:57:54.287+0000] {dag.py:3239} INFO - Sync 1 DAGs
[2024-11-26T06:57:54.317+0000] {logging_mixin.py:190} INFO - [2024-11-26T06:57:54.317+0000] {dag.py:4180} INFO - Setting next_dagrun for extract_weather_dag to 2024-11-26 00:00:00+00:00, run_after=2024-11-27 00:00:00+00:00
[2024-11-26T06:57:54.341+0000] {processor.py:208} INFO - Processing /opt/airflow/dags/extract_weather.py took 0.878 seconds
[2024-11-26T06:58:25.222+0000] {processor.py:186} INFO - Started process (PID=294) to work on /opt/airflow/dags/extract_weather.py
[2024-11-26T06:58:25.223+0000] {processor.py:914} INFO - Processing file /opt/airflow/dags/extract_weather.py for tasks to queue
[2024-11-26T06:58:25.226+0000] {logging_mixin.py:190} INFO - [2024-11-26T06:58:25.226+0000] {dagbag.py:588} INFO - Filling up the DagBag from /opt/airflow/dags/extract_weather.py
[2024-11-26T06:58:25.749+0000] {processor.py:925} INFO - DAG(s) 'extract_weather_dag' retrieved from /opt/airflow/dags/extract_weather.py
[2024-11-26T06:58:25.774+0000] {logging_mixin.py:190} INFO - [2024-11-26T06:58:25.773+0000] {dag.py:3239} INFO - Sync 1 DAGs
[2024-11-26T06:58:25.799+0000] {logging_mixin.py:190} INFO - [2024-11-26T06:58:25.798+0000] {dag.py:4180} INFO - Setting next_dagrun for extract_weather_dag to 2024-11-26 00:00:00+00:00, run_after=2024-11-27 00:00:00+00:00
[2024-11-26T06:58:25.819+0000] {processor.py:208} INFO - Processing /opt/airflow/dags/extract_weather.py took 0.602 seconds
[2024-11-26T06:58:55.914+0000] {processor.py:186} INFO - Started process (PID=296) to work on /opt/airflow/dags/extract_weather.py
[2024-11-26T06:58:55.916+0000] {processor.py:914} INFO - Processing file /opt/airflow/dags/extract_weather.py for tasks to queue
[2024-11-26T06:58:55.919+0000] {logging_mixin.py:190} INFO - [2024-11-26T06:58:55.919+0000] {dagbag.py:588} INFO - Filling up the DagBag from /opt/airflow/dags/extract_weather.py
[2024-11-26T06:58:56.397+0000] {processor.py:925} INFO - DAG(s) 'extract_weather_dag' retrieved from /opt/airflow/dags/extract_weather.py
[2024-11-26T06:58:56.421+0000] {logging_mixin.py:190} INFO - [2024-11-26T06:58:56.421+0000] {dag.py:3239} INFO - Sync 1 DAGs
[2024-11-26T06:58:56.444+0000] {logging_mixin.py:190} INFO - [2024-11-26T06:58:56.444+0000] {dag.py:4180} INFO - Setting next_dagrun for extract_weather_dag to 2024-11-26 00:00:00+00:00, run_after=2024-11-27 00:00:00+00:00
[2024-11-26T06:58:56.467+0000] {processor.py:208} INFO - Processing /opt/airflow/dags/extract_weather.py took 0.558 seconds
[2024-11-26T06:59:26.980+0000] {processor.py:186} INFO - Started process (PID=298) to work on /opt/airflow/dags/extract_weather.py
[2024-11-26T06:59:26.981+0000] {processor.py:914} INFO - Processing file /opt/airflow/dags/extract_weather.py for tasks to queue
[2024-11-26T06:59:26.983+0000] {logging_mixin.py:190} INFO - [2024-11-26T06:59:26.983+0000] {dagbag.py:588} INFO - Filling up the DagBag from /opt/airflow/dags/extract_weather.py
[2024-11-26T06:59:27.554+0000] {processor.py:925} INFO - DAG(s) 'extract_weather_dag' retrieved from /opt/airflow/dags/extract_weather.py
[2024-11-26T06:59:27.585+0000] {logging_mixin.py:190} INFO - [2024-11-26T06:59:27.584+0000] {dag.py:3239} INFO - Sync 1 DAGs
[2024-11-26T06:59:27.610+0000] {logging_mixin.py:190} INFO - [2024-11-26T06:59:27.610+0000] {dag.py:4180} INFO - Setting next_dagrun for extract_weather_dag to 2024-11-26 00:00:00+00:00, run_after=2024-11-27 00:00:00+00:00
[2024-11-26T06:59:27.634+0000] {processor.py:208} INFO - Processing /opt/airflow/dags/extract_weather.py took 0.662 seconds
[2024-11-26T06:59:57.881+0000] {processor.py:186} INFO - Started process (PID=300) to work on /opt/airflow/dags/extract_weather.py
[2024-11-26T06:59:57.882+0000] {processor.py:914} INFO - Processing file /opt/airflow/dags/extract_weather.py for tasks to queue
[2024-11-26T06:59:57.885+0000] {logging_mixin.py:190} INFO - [2024-11-26T06:59:57.885+0000] {dagbag.py:588} INFO - Filling up the DagBag from /opt/airflow/dags/extract_weather.py
[2024-11-26T06:59:58.476+0000] {processor.py:925} INFO - DAG(s) 'extract_weather_dag' retrieved from /opt/airflow/dags/extract_weather.py
[2024-11-26T06:59:58.498+0000] {logging_mixin.py:190} INFO - [2024-11-26T06:59:58.498+0000] {dag.py:3239} INFO - Sync 1 DAGs
[2024-11-26T06:59:58.525+0000] {logging_mixin.py:190} INFO - [2024-11-26T06:59:58.524+0000] {dag.py:4180} INFO - Setting next_dagrun for extract_weather_dag to 2024-11-26 00:00:00+00:00, run_after=2024-11-27 00:00:00+00:00
[2024-11-26T06:59:58.552+0000] {processor.py:208} INFO - Processing /opt/airflow/dags/extract_weather.py took 0.677 seconds
[2024-11-26T07:00:29.348+0000] {processor.py:186} INFO - Started process (PID=302) to work on /opt/airflow/dags/extract_weather.py
[2024-11-26T07:00:29.349+0000] {processor.py:914} INFO - Processing file /opt/airflow/dags/extract_weather.py for tasks to queue
[2024-11-26T07:00:29.351+0000] {logging_mixin.py:190} INFO - [2024-11-26T07:00:29.351+0000] {dagbag.py:588} INFO - Filling up the DagBag from /opt/airflow/dags/extract_weather.py
[2024-11-26T07:00:29.967+0000] {processor.py:925} INFO - DAG(s) 'extract_weather_dag' retrieved from /opt/airflow/dags/extract_weather.py
[2024-11-26T07:00:29.994+0000] {logging_mixin.py:190} INFO - [2024-11-26T07:00:29.993+0000] {dag.py:3239} INFO - Sync 1 DAGs
[2024-11-26T07:00:30.020+0000] {logging_mixin.py:190} INFO - [2024-11-26T07:00:30.020+0000] {dag.py:4180} INFO - Setting next_dagrun for extract_weather_dag to 2024-11-26 00:00:00+00:00, run_after=2024-11-27 00:00:00+00:00
[2024-11-26T07:00:30.044+0000] {processor.py:208} INFO - Processing /opt/airflow/dags/extract_weather.py took 0.703 seconds
[2024-11-26T07:01:00.601+0000] {processor.py:186} INFO - Started process (PID=304) to work on /opt/airflow/dags/extract_weather.py
[2024-11-26T07:01:00.602+0000] {processor.py:914} INFO - Processing file /opt/airflow/dags/extract_weather.py for tasks to queue
[2024-11-26T07:01:00.605+0000] {logging_mixin.py:190} INFO - [2024-11-26T07:01:00.605+0000] {dagbag.py:588} INFO - Filling up the DagBag from /opt/airflow/dags/extract_weather.py
[2024-11-26T07:01:01.275+0000] {processor.py:925} INFO - DAG(s) 'extract_weather_dag' retrieved from /opt/airflow/dags/extract_weather.py
[2024-11-26T07:01:01.313+0000] {logging_mixin.py:190} INFO - [2024-11-26T07:01:01.312+0000] {dag.py:3239} INFO - Sync 1 DAGs
[2024-11-26T07:01:01.351+0000] {logging_mixin.py:190} INFO - [2024-11-26T07:01:01.351+0000] {dag.py:4180} INFO - Setting next_dagrun for extract_weather_dag to 2024-11-26 00:00:00+00:00, run_after=2024-11-27 00:00:00+00:00
[2024-11-26T07:01:01.381+0000] {processor.py:208} INFO - Processing /opt/airflow/dags/extract_weather.py took 0.787 seconds
[2024-11-26T07:01:15.171+0000] {processor.py:186} INFO - Started process (PID=306) to work on /opt/airflow/dags/extract_weather.py
[2024-11-26T07:01:15.172+0000] {processor.py:914} INFO - Processing file /opt/airflow/dags/extract_weather.py for tasks to queue
[2024-11-26T07:01:15.175+0000] {logging_mixin.py:190} INFO - [2024-11-26T07:01:15.175+0000] {dagbag.py:588} INFO - Filling up the DagBag from /opt/airflow/dags/extract_weather.py
[2024-11-26T07:01:15.200+0000] {logging_mixin.py:190} INFO - [2024-11-26T07:01:15.199+0000] {dagbag.py:387} ERROR - Failed to import: /opt/airflow/dags/extract_weather.py
Traceback (most recent call last):
  File "/home/airflow/.local/lib/python3.12/site-packages/airflow/models/dagbag.py", line 383, in parse
    loader.exec_module(new_module)
  File "<frozen importlib._bootstrap_external>", line 991, in exec_module
  File "<frozen importlib._bootstrap_external>", line 1129, in get_code
  File "<frozen importlib._bootstrap_external>", line 1059, in source_to_code
  File "<frozen importlib._bootstrap>", line 488, in _call_with_frames_removed
  File "/opt/airflow/dags/extract_weather.py", line 20
    with TaskGroup('tasks_for')
                               ^
SyntaxError: expected ':'
[2024-11-26T07:01:15.201+0000] {processor.py:927} WARNING - No viable dags retrieved from /opt/airflow/dags/extract_weather.py
[2024-11-26T07:01:15.232+0000] {processor.py:208} INFO - Processing /opt/airflow/dags/extract_weather.py took 0.077 seconds
[2024-11-26T07:01:46.276+0000] {processor.py:186} INFO - Started process (PID=307) to work on /opt/airflow/dags/extract_weather.py
[2024-11-26T07:01:46.278+0000] {processor.py:914} INFO - Processing file /opt/airflow/dags/extract_weather.py for tasks to queue
[2024-11-26T07:01:46.280+0000] {logging_mixin.py:190} INFO - [2024-11-26T07:01:46.280+0000] {dagbag.py:588} INFO - Filling up the DagBag from /opt/airflow/dags/extract_weather.py
[2024-11-26T07:01:46.298+0000] {logging_mixin.py:190} INFO - [2024-11-26T07:01:46.297+0000] {dagbag.py:387} ERROR - Failed to import: /opt/airflow/dags/extract_weather.py
Traceback (most recent call last):
  File "/home/airflow/.local/lib/python3.12/site-packages/airflow/models/dagbag.py", line 383, in parse
    loader.exec_module(new_module)
  File "<frozen importlib._bootstrap_external>", line 991, in exec_module
  File "<frozen importlib._bootstrap_external>", line 1129, in get_code
  File "<frozen importlib._bootstrap_external>", line 1059, in source_to_code
  File "<frozen importlib._bootstrap>", line 488, in _call_with_frames_removed
  File "/opt/airflow/dags/extract_weather.py", line 20
    with TaskGroup('tasks_for')
                               ^
SyntaxError: expected ':'
[2024-11-26T07:01:46.299+0000] {processor.py:927} WARNING - No viable dags retrieved from /opt/airflow/dags/extract_weather.py
[2024-11-26T07:01:46.322+0000] {processor.py:208} INFO - Processing /opt/airflow/dags/extract_weather.py took 0.051 seconds
[2024-11-26T07:02:17.011+0000] {processor.py:186} INFO - Started process (PID=308) to work on /opt/airflow/dags/extract_weather.py
[2024-11-26T07:02:17.012+0000] {processor.py:914} INFO - Processing file /opt/airflow/dags/extract_weather.py for tasks to queue
[2024-11-26T07:02:17.014+0000] {logging_mixin.py:190} INFO - [2024-11-26T07:02:17.014+0000] {dagbag.py:588} INFO - Filling up the DagBag from /opt/airflow/dags/extract_weather.py
[2024-11-26T07:02:17.031+0000] {logging_mixin.py:190} INFO - [2024-11-26T07:02:17.030+0000] {dagbag.py:387} ERROR - Failed to import: /opt/airflow/dags/extract_weather.py
Traceback (most recent call last):
  File "/home/airflow/.local/lib/python3.12/site-packages/airflow/models/dagbag.py", line 383, in parse
    loader.exec_module(new_module)
  File "<frozen importlib._bootstrap_external>", line 991, in exec_module
  File "<frozen importlib._bootstrap_external>", line 1129, in get_code
  File "<frozen importlib._bootstrap_external>", line 1059, in source_to_code
  File "<frozen importlib._bootstrap>", line 488, in _call_with_frames_removed
  File "/opt/airflow/dags/extract_weather.py", line 20
    with TaskGroup('tasks_for')
                               ^
SyntaxError: expected ':'
[2024-11-26T07:02:17.031+0000] {processor.py:927} WARNING - No viable dags retrieved from /opt/airflow/dags/extract_weather.py
[2024-11-26T07:02:17.055+0000] {processor.py:208} INFO - Processing /opt/airflow/dags/extract_weather.py took 0.049 seconds
[2024-11-26T07:02:38.673+0000] {processor.py:186} INFO - Started process (PID=309) to work on /opt/airflow/dags/extract_weather.py
[2024-11-26T07:02:38.676+0000] {processor.py:914} INFO - Processing file /opt/airflow/dags/extract_weather.py for tasks to queue
[2024-11-26T07:02:38.684+0000] {logging_mixin.py:190} INFO - [2024-11-26T07:02:38.683+0000] {dagbag.py:588} INFO - Filling up the DagBag from /opt/airflow/dags/extract_weather.py
[2024-11-26T07:02:38.731+0000] {logging_mixin.py:190} INFO - [2024-11-26T07:02:38.730+0000] {dagbag.py:387} ERROR - Failed to import: /opt/airflow/dags/extract_weather.py
Traceback (most recent call last):
  File "/home/airflow/.local/lib/python3.12/site-packages/airflow/models/dagbag.py", line 383, in parse
    loader.exec_module(new_module)
  File "<frozen importlib._bootstrap_external>", line 991, in exec_module
  File "<frozen importlib._bootstrap_external>", line 1129, in get_code
  File "<frozen importlib._bootstrap_external>", line 1059, in source_to_code
  File "<frozen importlib._bootstrap>", line 488, in _call_with_frames_removed
  File "/opt/airflow/dags/extract_weather.py", line 36
    )
    ^
SyntaxError: unmatched ')'
[2024-11-26T07:02:38.733+0000] {processor.py:927} WARNING - No viable dags retrieved from /opt/airflow/dags/extract_weather.py
[2024-11-26T07:02:38.771+0000] {processor.py:208} INFO - Processing /opt/airflow/dags/extract_weather.py took 0.106 seconds
[2024-11-26T07:03:09.408+0000] {processor.py:186} INFO - Started process (PID=310) to work on /opt/airflow/dags/extract_weather.py
[2024-11-26T07:03:09.410+0000] {processor.py:914} INFO - Processing file /opt/airflow/dags/extract_weather.py for tasks to queue
[2024-11-26T07:03:09.411+0000] {logging_mixin.py:190} INFO - [2024-11-26T07:03:09.411+0000] {dagbag.py:588} INFO - Filling up the DagBag from /opt/airflow/dags/extract_weather.py
[2024-11-26T07:03:09.428+0000] {logging_mixin.py:190} INFO - [2024-11-26T07:03:09.426+0000] {dagbag.py:387} ERROR - Failed to import: /opt/airflow/dags/extract_weather.py
Traceback (most recent call last):
  File "/home/airflow/.local/lib/python3.12/site-packages/airflow/models/dagbag.py", line 383, in parse
    loader.exec_module(new_module)
  File "<frozen importlib._bootstrap_external>", line 991, in exec_module
  File "<frozen importlib._bootstrap_external>", line 1129, in get_code
  File "<frozen importlib._bootstrap_external>", line 1059, in source_to_code
  File "<frozen importlib._bootstrap>", line 488, in _call_with_frames_removed
  File "/opt/airflow/dags/extract_weather.py", line 36
    )
    ^
SyntaxError: unmatched ')'
[2024-11-26T07:03:09.429+0000] {processor.py:927} WARNING - No viable dags retrieved from /opt/airflow/dags/extract_weather.py
[2024-11-26T07:03:09.450+0000] {processor.py:208} INFO - Processing /opt/airflow/dags/extract_weather.py took 0.048 seconds
[2024-11-26T07:03:40.084+0000] {processor.py:186} INFO - Started process (PID=311) to work on /opt/airflow/dags/extract_weather.py
[2024-11-26T07:03:40.085+0000] {processor.py:914} INFO - Processing file /opt/airflow/dags/extract_weather.py for tasks to queue
[2024-11-26T07:03:40.087+0000] {logging_mixin.py:190} INFO - [2024-11-26T07:03:40.086+0000] {dagbag.py:588} INFO - Filling up the DagBag from /opt/airflow/dags/extract_weather.py
[2024-11-26T07:03:40.103+0000] {logging_mixin.py:190} INFO - [2024-11-26T07:03:40.102+0000] {dagbag.py:387} ERROR - Failed to import: /opt/airflow/dags/extract_weather.py
Traceback (most recent call last):
  File "/home/airflow/.local/lib/python3.12/site-packages/airflow/models/dagbag.py", line 383, in parse
    loader.exec_module(new_module)
  File "<frozen importlib._bootstrap_external>", line 991, in exec_module
  File "<frozen importlib._bootstrap_external>", line 1129, in get_code
  File "<frozen importlib._bootstrap_external>", line 1059, in source_to_code
  File "<frozen importlib._bootstrap>", line 488, in _call_with_frames_removed
  File "/opt/airflow/dags/extract_weather.py", line 36
    )
    ^
SyntaxError: unmatched ')'
[2024-11-26T07:03:40.103+0000] {processor.py:927} WARNING - No viable dags retrieved from /opt/airflow/dags/extract_weather.py
[2024-11-26T07:03:40.123+0000] {processor.py:208} INFO - Processing /opt/airflow/dags/extract_weather.py took 0.043 seconds
[2024-11-26T07:04:10.796+0000] {processor.py:186} INFO - Started process (PID=312) to work on /opt/airflow/dags/extract_weather.py
[2024-11-26T07:04:10.798+0000] {processor.py:914} INFO - Processing file /opt/airflow/dags/extract_weather.py for tasks to queue
[2024-11-26T07:04:10.800+0000] {logging_mixin.py:190} INFO - [2024-11-26T07:04:10.799+0000] {dagbag.py:588} INFO - Filling up the DagBag from /opt/airflow/dags/extract_weather.py
[2024-11-26T07:04:10.821+0000] {logging_mixin.py:190} INFO - [2024-11-26T07:04:10.820+0000] {dagbag.py:387} ERROR - Failed to import: /opt/airflow/dags/extract_weather.py
Traceback (most recent call last):
  File "/home/airflow/.local/lib/python3.12/site-packages/airflow/models/dagbag.py", line 383, in parse
    loader.exec_module(new_module)
  File "<frozen importlib._bootstrap_external>", line 991, in exec_module
  File "<frozen importlib._bootstrap_external>", line 1129, in get_code
  File "<frozen importlib._bootstrap_external>", line 1059, in source_to_code
  File "<frozen importlib._bootstrap>", line 488, in _call_with_frames_removed
  File "/opt/airflow/dags/extract_weather.py", line 36
    )
    ^
SyntaxError: unmatched ')'
[2024-11-26T07:04:10.823+0000] {processor.py:927} WARNING - No viable dags retrieved from /opt/airflow/dags/extract_weather.py
[2024-11-26T07:04:10.850+0000] {processor.py:208} INFO - Processing /opt/airflow/dags/extract_weather.py took 0.058 seconds
[2024-11-26T07:04:41.526+0000] {processor.py:186} INFO - Started process (PID=313) to work on /opt/airflow/dags/extract_weather.py
[2024-11-26T07:04:41.528+0000] {processor.py:914} INFO - Processing file /opt/airflow/dags/extract_weather.py for tasks to queue
[2024-11-26T07:04:41.530+0000] {logging_mixin.py:190} INFO - [2024-11-26T07:04:41.529+0000] {dagbag.py:588} INFO - Filling up the DagBag from /opt/airflow/dags/extract_weather.py
[2024-11-26T07:04:41.548+0000] {logging_mixin.py:190} INFO - [2024-11-26T07:04:41.547+0000] {dagbag.py:387} ERROR - Failed to import: /opt/airflow/dags/extract_weather.py
Traceback (most recent call last):
  File "/home/airflow/.local/lib/python3.12/site-packages/airflow/models/dagbag.py", line 383, in parse
    loader.exec_module(new_module)
  File "<frozen importlib._bootstrap_external>", line 991, in exec_module
  File "<frozen importlib._bootstrap_external>", line 1129, in get_code
  File "<frozen importlib._bootstrap_external>", line 1059, in source_to_code
  File "<frozen importlib._bootstrap>", line 488, in _call_with_frames_removed
  File "/opt/airflow/dags/extract_weather.py", line 36
    )
    ^
SyntaxError: unmatched ')'
[2024-11-26T07:04:41.549+0000] {processor.py:927} WARNING - No viable dags retrieved from /opt/airflow/dags/extract_weather.py
[2024-11-26T07:04:41.572+0000] {processor.py:208} INFO - Processing /opt/airflow/dags/extract_weather.py took 0.051 seconds
[2024-11-26T07:05:12.190+0000] {processor.py:186} INFO - Started process (PID=314) to work on /opt/airflow/dags/extract_weather.py
[2024-11-26T07:05:12.191+0000] {processor.py:914} INFO - Processing file /opt/airflow/dags/extract_weather.py for tasks to queue
[2024-11-26T07:05:12.192+0000] {logging_mixin.py:190} INFO - [2024-11-26T07:05:12.192+0000] {dagbag.py:588} INFO - Filling up the DagBag from /opt/airflow/dags/extract_weather.py
[2024-11-26T07:05:12.211+0000] {logging_mixin.py:190} INFO - [2024-11-26T07:05:12.210+0000] {dagbag.py:387} ERROR - Failed to import: /opt/airflow/dags/extract_weather.py
Traceback (most recent call last):
  File "/home/airflow/.local/lib/python3.12/site-packages/airflow/models/dagbag.py", line 383, in parse
    loader.exec_module(new_module)
  File "<frozen importlib._bootstrap_external>", line 991, in exec_module
  File "<frozen importlib._bootstrap_external>", line 1129, in get_code
  File "<frozen importlib._bootstrap_external>", line 1059, in source_to_code
  File "<frozen importlib._bootstrap>", line 488, in _call_with_frames_removed
  File "/opt/airflow/dags/extract_weather.py", line 36
    )
    ^
SyntaxError: unmatched ')'
[2024-11-26T07:05:12.212+0000] {processor.py:927} WARNING - No viable dags retrieved from /opt/airflow/dags/extract_weather.py
[2024-11-26T07:05:12.233+0000] {processor.py:208} INFO - Processing /opt/airflow/dags/extract_weather.py took 0.049 seconds
[2024-11-26T07:05:42.924+0000] {processor.py:186} INFO - Started process (PID=315) to work on /opt/airflow/dags/extract_weather.py
[2024-11-26T07:05:42.925+0000] {processor.py:914} INFO - Processing file /opt/airflow/dags/extract_weather.py for tasks to queue
[2024-11-26T07:05:42.927+0000] {logging_mixin.py:190} INFO - [2024-11-26T07:05:42.927+0000] {dagbag.py:588} INFO - Filling up the DagBag from /opt/airflow/dags/extract_weather.py
[2024-11-26T07:05:42.947+0000] {logging_mixin.py:190} INFO - [2024-11-26T07:05:42.945+0000] {dagbag.py:387} ERROR - Failed to import: /opt/airflow/dags/extract_weather.py
Traceback (most recent call last):
  File "/home/airflow/.local/lib/python3.12/site-packages/airflow/models/dagbag.py", line 383, in parse
    loader.exec_module(new_module)
  File "<frozen importlib._bootstrap_external>", line 991, in exec_module
  File "<frozen importlib._bootstrap_external>", line 1129, in get_code
  File "<frozen importlib._bootstrap_external>", line 1059, in source_to_code
  File "<frozen importlib._bootstrap>", line 488, in _call_with_frames_removed
  File "/opt/airflow/dags/extract_weather.py", line 36
    )
    ^
SyntaxError: unmatched ')'
[2024-11-26T07:05:42.948+0000] {processor.py:927} WARNING - No viable dags retrieved from /opt/airflow/dags/extract_weather.py
[2024-11-26T07:05:42.973+0000] {processor.py:208} INFO - Processing /opt/airflow/dags/extract_weather.py took 0.054 seconds
[2024-11-26T07:06:13.828+0000] {processor.py:186} INFO - Started process (PID=316) to work on /opt/airflow/dags/extract_weather.py
[2024-11-26T07:06:13.829+0000] {processor.py:914} INFO - Processing file /opt/airflow/dags/extract_weather.py for tasks to queue
[2024-11-26T07:06:13.830+0000] {logging_mixin.py:190} INFO - [2024-11-26T07:06:13.830+0000] {dagbag.py:588} INFO - Filling up the DagBag from /opt/airflow/dags/extract_weather.py
[2024-11-26T07:06:13.848+0000] {logging_mixin.py:190} INFO - [2024-11-26T07:06:13.847+0000] {dagbag.py:387} ERROR - Failed to import: /opt/airflow/dags/extract_weather.py
Traceback (most recent call last):
  File "/home/airflow/.local/lib/python3.12/site-packages/airflow/models/dagbag.py", line 383, in parse
    loader.exec_module(new_module)
  File "<frozen importlib._bootstrap_external>", line 991, in exec_module
  File "<frozen importlib._bootstrap_external>", line 1129, in get_code
  File "<frozen importlib._bootstrap_external>", line 1059, in source_to_code
  File "<frozen importlib._bootstrap>", line 488, in _call_with_frames_removed
  File "/opt/airflow/dags/extract_weather.py", line 36
    )
    ^
SyntaxError: unmatched ')'
[2024-11-26T07:06:13.849+0000] {processor.py:927} WARNING - No viable dags retrieved from /opt/airflow/dags/extract_weather.py
[2024-11-26T07:06:13.872+0000] {processor.py:208} INFO - Processing /opt/airflow/dags/extract_weather.py took 0.050 seconds
[2024-11-26T07:06:44.550+0000] {processor.py:186} INFO - Started process (PID=317) to work on /opt/airflow/dags/extract_weather.py
[2024-11-26T07:06:44.551+0000] {processor.py:914} INFO - Processing file /opt/airflow/dags/extract_weather.py for tasks to queue
[2024-11-26T07:06:44.553+0000] {logging_mixin.py:190} INFO - [2024-11-26T07:06:44.553+0000] {dagbag.py:588} INFO - Filling up the DagBag from /opt/airflow/dags/extract_weather.py
[2024-11-26T07:06:44.580+0000] {logging_mixin.py:190} INFO - [2024-11-26T07:06:44.578+0000] {dagbag.py:387} ERROR - Failed to import: /opt/airflow/dags/extract_weather.py
Traceback (most recent call last):
  File "/home/airflow/.local/lib/python3.12/site-packages/airflow/models/dagbag.py", line 383, in parse
    loader.exec_module(new_module)
  File "<frozen importlib._bootstrap_external>", line 991, in exec_module
  File "<frozen importlib._bootstrap_external>", line 1129, in get_code
  File "<frozen importlib._bootstrap_external>", line 1059, in source_to_code
  File "<frozen importlib._bootstrap>", line 488, in _call_with_frames_removed
  File "/opt/airflow/dags/extract_weather.py", line 36
    )
    ^
SyntaxError: unmatched ')'
[2024-11-26T07:06:44.581+0000] {processor.py:927} WARNING - No viable dags retrieved from /opt/airflow/dags/extract_weather.py
[2024-11-26T07:06:44.612+0000] {processor.py:208} INFO - Processing /opt/airflow/dags/extract_weather.py took 0.069 seconds
[2024-11-26T07:07:15.284+0000] {processor.py:186} INFO - Started process (PID=318) to work on /opt/airflow/dags/extract_weather.py
[2024-11-26T07:07:15.285+0000] {processor.py:914} INFO - Processing file /opt/airflow/dags/extract_weather.py for tasks to queue
[2024-11-26T07:07:15.287+0000] {logging_mixin.py:190} INFO - [2024-11-26T07:07:15.287+0000] {dagbag.py:588} INFO - Filling up the DagBag from /opt/airflow/dags/extract_weather.py
[2024-11-26T07:07:15.304+0000] {logging_mixin.py:190} INFO - [2024-11-26T07:07:15.303+0000] {dagbag.py:387} ERROR - Failed to import: /opt/airflow/dags/extract_weather.py
Traceback (most recent call last):
  File "/home/airflow/.local/lib/python3.12/site-packages/airflow/models/dagbag.py", line 383, in parse
    loader.exec_module(new_module)
  File "<frozen importlib._bootstrap_external>", line 991, in exec_module
  File "<frozen importlib._bootstrap_external>", line 1129, in get_code
  File "<frozen importlib._bootstrap_external>", line 1059, in source_to_code
  File "<frozen importlib._bootstrap>", line 488, in _call_with_frames_removed
  File "/opt/airflow/dags/extract_weather.py", line 36
    )
    ^
SyntaxError: unmatched ')'
[2024-11-26T07:07:15.305+0000] {processor.py:927} WARNING - No viable dags retrieved from /opt/airflow/dags/extract_weather.py
[2024-11-26T07:07:15.327+0000] {processor.py:208} INFO - Processing /opt/airflow/dags/extract_weather.py took 0.048 seconds
[2024-11-26T07:07:23.465+0000] {processor.py:186} INFO - Started process (PID=319) to work on /opt/airflow/dags/extract_weather.py
[2024-11-26T07:07:23.468+0000] {processor.py:914} INFO - Processing file /opt/airflow/dags/extract_weather.py for tasks to queue
[2024-11-26T07:07:23.470+0000] {logging_mixin.py:190} INFO - [2024-11-26T07:07:23.470+0000] {dagbag.py:588} INFO - Filling up the DagBag from /opt/airflow/dags/extract_weather.py
[2024-11-26T07:07:24.973+0000] {logging_mixin.py:190} INFO - [2024-11-26T07:07:24.969+0000] {dagbag.py:387} ERROR - Failed to import: /opt/airflow/dags/extract_weather.py
Traceback (most recent call last):
  File "/home/airflow/.local/lib/python3.12/site-packages/airflow/models/dagbag.py", line 383, in parse
    loader.exec_module(new_module)
  File "<frozen importlib._bootstrap_external>", line 995, in exec_module
  File "<frozen importlib._bootstrap>", line 488, in _call_with_frames_removed
  File "/opt/airflow/dags/extract_weather.py", line 4, in <module>
    from airflow.utilits.task_group import TaskGroup
ModuleNotFoundError: No module named 'airflow.utilits'
[2024-11-26T07:07:24.976+0000] {processor.py:927} WARNING - No viable dags retrieved from /opt/airflow/dags/extract_weather.py
[2024-11-26T07:07:24.997+0000] {processor.py:208} INFO - Processing /opt/airflow/dags/extract_weather.py took 1.537 seconds
[2024-11-26T07:07:55.597+0000] {processor.py:186} INFO - Started process (PID=321) to work on /opt/airflow/dags/extract_weather.py
[2024-11-26T07:07:55.598+0000] {processor.py:914} INFO - Processing file /opt/airflow/dags/extract_weather.py for tasks to queue
[2024-11-26T07:07:55.601+0000] {logging_mixin.py:190} INFO - [2024-11-26T07:07:55.600+0000] {dagbag.py:588} INFO - Filling up the DagBag from /opt/airflow/dags/extract_weather.py
[2024-11-26T07:07:56.264+0000] {logging_mixin.py:190} INFO - [2024-11-26T07:07:56.259+0000] {dagbag.py:387} ERROR - Failed to import: /opt/airflow/dags/extract_weather.py
Traceback (most recent call last):
  File "/home/airflow/.local/lib/python3.12/site-packages/airflow/models/dagbag.py", line 383, in parse
    loader.exec_module(new_module)
  File "<frozen importlib._bootstrap_external>", line 995, in exec_module
  File "<frozen importlib._bootstrap>", line 488, in _call_with_frames_removed
  File "/opt/airflow/dags/extract_weather.py", line 4, in <module>
    from airflow.utilits.task_group import TaskGroup
ModuleNotFoundError: No module named 'airflow.utilits'
[2024-11-26T07:07:56.268+0000] {processor.py:927} WARNING - No viable dags retrieved from /opt/airflow/dags/extract_weather.py
[2024-11-26T07:07:56.293+0000] {processor.py:208} INFO - Processing /opt/airflow/dags/extract_weather.py took 0.704 seconds
[2024-11-26T07:08:06.010+0000] {processor.py:186} INFO - Started process (PID=323) to work on /opt/airflow/dags/extract_weather.py
[2024-11-26T07:08:06.011+0000] {processor.py:914} INFO - Processing file /opt/airflow/dags/extract_weather.py for tasks to queue
[2024-11-26T07:08:06.012+0000] {logging_mixin.py:190} INFO - [2024-11-26T07:08:06.012+0000] {dagbag.py:588} INFO - Filling up the DagBag from /opt/airflow/dags/extract_weather.py
[2024-11-26T07:08:06.759+0000] {logging_mixin.py:190} INFO - [2024-11-26T07:08:06.754+0000] {dagbag.py:387} ERROR - Failed to import: /opt/airflow/dags/extract_weather.py
Traceback (most recent call last):
  File "/home/airflow/.local/lib/python3.12/site-packages/airflow/models/dagbag.py", line 383, in parse
    loader.exec_module(new_module)
  File "<frozen importlib._bootstrap_external>", line 995, in exec_module
  File "<frozen importlib._bootstrap>", line 488, in _call_with_frames_removed
  File "/opt/airflow/dags/extract_weather.py", line 4, in <module>
    from airflow.utilit.task_group import TaskGroup
ModuleNotFoundError: No module named 'airflow.utilit'
[2024-11-26T07:08:06.760+0000] {processor.py:927} WARNING - No viable dags retrieved from /opt/airflow/dags/extract_weather.py
[2024-11-26T07:08:06.779+0000] {processor.py:208} INFO - Processing /opt/airflow/dags/extract_weather.py took 0.777 seconds
[2024-11-26T07:08:15.607+0000] {processor.py:186} INFO - Started process (PID=325) to work on /opt/airflow/dags/extract_weather.py
[2024-11-26T07:08:15.609+0000] {processor.py:914} INFO - Processing file /opt/airflow/dags/extract_weather.py for tasks to queue
[2024-11-26T07:08:15.611+0000] {logging_mixin.py:190} INFO - [2024-11-26T07:08:15.611+0000] {dagbag.py:588} INFO - Filling up the DagBag from /opt/airflow/dags/extract_weather.py
[2024-11-26T07:08:16.399+0000] {processor.py:925} INFO - DAG(s) 'extract_weather_dag_for' retrieved from /opt/airflow/dags/extract_weather.py
[2024-11-26T07:08:16.524+0000] {logging_mixin.py:190} INFO - [2024-11-26T07:08:16.524+0000] {override.py:1900} INFO - Created Permission View: can read on DAG:extract_weather_dag_for
[2024-11-26T07:08:16.537+0000] {logging_mixin.py:190} INFO - [2024-11-26T07:08:16.537+0000] {override.py:1900} INFO - Created Permission View: can edit on DAG:extract_weather_dag_for
[2024-11-26T07:08:16.545+0000] {logging_mixin.py:190} INFO - [2024-11-26T07:08:16.544+0000] {override.py:1900} INFO - Created Permission View: can delete on DAG:extract_weather_dag_for
[2024-11-26T07:08:16.554+0000] {logging_mixin.py:190} INFO - [2024-11-26T07:08:16.554+0000] {override.py:1900} INFO - Created Permission View: can read on DAG Run:extract_weather_dag_for
[2024-11-26T07:08:16.563+0000] {logging_mixin.py:190} INFO - [2024-11-26T07:08:16.562+0000] {override.py:1900} INFO - Created Permission View: can create on DAG Run:extract_weather_dag_for
[2024-11-26T07:08:16.572+0000] {logging_mixin.py:190} INFO - [2024-11-26T07:08:16.571+0000] {override.py:1900} INFO - Created Permission View: menu access on DAG Run:extract_weather_dag_for
[2024-11-26T07:08:16.580+0000] {logging_mixin.py:190} INFO - [2024-11-26T07:08:16.579+0000] {override.py:1900} INFO - Created Permission View: can delete on DAG Run:extract_weather_dag_for
[2024-11-26T07:08:16.581+0000] {logging_mixin.py:190} INFO - [2024-11-26T07:08:16.580+0000] {dag.py:3239} INFO - Sync 1 DAGs
[2024-11-26T07:08:16.595+0000] {logging_mixin.py:190} INFO - [2024-11-26T07:08:16.594+0000] {dag.py:3262} INFO - Creating ORM DAG for extract_weather_dag_for
[2024-11-26T07:08:16.607+0000] {logging_mixin.py:190} INFO - [2024-11-26T07:08:16.607+0000] {dag.py:4180} INFO - Setting next_dagrun for extract_weather_dag_for to 2024-11-25 00:00:00+00:00, run_after=2024-11-26 00:00:00+00:00
[2024-11-26T07:08:16.634+0000] {processor.py:208} INFO - Processing /opt/airflow/dags/extract_weather.py took 1.032 seconds
[2024-11-26T07:08:46.899+0000] {processor.py:186} INFO - Started process (PID=364) to work on /opt/airflow/dags/extract_weather.py
[2024-11-26T07:08:46.900+0000] {processor.py:914} INFO - Processing file /opt/airflow/dags/extract_weather.py for tasks to queue
[2024-11-26T07:08:46.901+0000] {logging_mixin.py:190} INFO - [2024-11-26T07:08:46.901+0000] {dagbag.py:588} INFO - Filling up the DagBag from /opt/airflow/dags/extract_weather.py
[2024-11-26T07:08:47.531+0000] {processor.py:925} INFO - DAG(s) 'extract_weather_dag_for' retrieved from /opt/airflow/dags/extract_weather.py
[2024-11-26T07:08:47.570+0000] {logging_mixin.py:190} INFO - [2024-11-26T07:08:47.569+0000] {dag.py:3239} INFO - Sync 1 DAGs
[2024-11-26T07:08:47.602+0000] {logging_mixin.py:190} INFO - [2024-11-26T07:08:47.602+0000] {dag.py:4180} INFO - Setting next_dagrun for extract_weather_dag_for to 2024-11-26 00:00:00+00:00, run_after=2024-11-27 00:00:00+00:00
[2024-11-26T07:08:47.637+0000] {processor.py:208} INFO - Processing /opt/airflow/dags/extract_weather.py took 0.745 seconds
[2024-11-26T07:09:17.945+0000] {processor.py:186} INFO - Started process (PID=383) to work on /opt/airflow/dags/extract_weather.py
[2024-11-26T07:09:17.947+0000] {processor.py:914} INFO - Processing file /opt/airflow/dags/extract_weather.py for tasks to queue
[2024-11-26T07:09:17.949+0000] {logging_mixin.py:190} INFO - [2024-11-26T07:09:17.948+0000] {dagbag.py:588} INFO - Filling up the DagBag from /opt/airflow/dags/extract_weather.py
[2024-11-26T07:09:18.509+0000] {processor.py:925} INFO - DAG(s) 'extract_weather_dag_for' retrieved from /opt/airflow/dags/extract_weather.py
[2024-11-26T07:09:18.540+0000] {logging_mixin.py:190} INFO - [2024-11-26T07:09:18.540+0000] {dag.py:3239} INFO - Sync 1 DAGs
[2024-11-26T07:09:18.568+0000] {logging_mixin.py:190} INFO - [2024-11-26T07:09:18.567+0000] {dag.py:4180} INFO - Setting next_dagrun for extract_weather_dag_for to 2024-11-26 00:00:00+00:00, run_after=2024-11-27 00:00:00+00:00
[2024-11-26T07:09:18.592+0000] {processor.py:208} INFO - Processing /opt/airflow/dags/extract_weather.py took 0.652 seconds
[2024-11-26T07:09:49.675+0000] {processor.py:186} INFO - Started process (PID=385) to work on /opt/airflow/dags/extract_weather.py
[2024-11-26T07:09:49.677+0000] {processor.py:914} INFO - Processing file /opt/airflow/dags/extract_weather.py for tasks to queue
[2024-11-26T07:09:49.679+0000] {logging_mixin.py:190} INFO - [2024-11-26T07:09:49.679+0000] {dagbag.py:588} INFO - Filling up the DagBag from /opt/airflow/dags/extract_weather.py
[2024-11-26T07:09:50.280+0000] {processor.py:925} INFO - DAG(s) 'extract_weather_dag_for' retrieved from /opt/airflow/dags/extract_weather.py
[2024-11-26T07:09:50.312+0000] {logging_mixin.py:190} INFO - [2024-11-26T07:09:50.311+0000] {dag.py:3239} INFO - Sync 1 DAGs
[2024-11-26T07:09:50.341+0000] {logging_mixin.py:190} INFO - [2024-11-26T07:09:50.341+0000] {dag.py:4180} INFO - Setting next_dagrun for extract_weather_dag_for to 2024-11-26 00:00:00+00:00, run_after=2024-11-27 00:00:00+00:00
[2024-11-26T07:09:50.366+0000] {processor.py:208} INFO - Processing /opt/airflow/dags/extract_weather.py took 0.698 seconds
[2024-11-26T07:10:20.639+0000] {processor.py:186} INFO - Started process (PID=387) to work on /opt/airflow/dags/extract_weather.py
[2024-11-26T07:10:20.640+0000] {processor.py:914} INFO - Processing file /opt/airflow/dags/extract_weather.py for tasks to queue
[2024-11-26T07:10:20.642+0000] {logging_mixin.py:190} INFO - [2024-11-26T07:10:20.641+0000] {dagbag.py:588} INFO - Filling up the DagBag from /opt/airflow/dags/extract_weather.py
[2024-11-26T07:10:21.158+0000] {processor.py:925} INFO - DAG(s) 'extract_weather_dag_for' retrieved from /opt/airflow/dags/extract_weather.py
[2024-11-26T07:10:21.187+0000] {logging_mixin.py:190} INFO - [2024-11-26T07:10:21.186+0000] {dag.py:3239} INFO - Sync 1 DAGs
[2024-11-26T07:10:21.210+0000] {logging_mixin.py:190} INFO - [2024-11-26T07:10:21.210+0000] {dag.py:4180} INFO - Setting next_dagrun for extract_weather_dag_for to 2024-11-26 00:00:00+00:00, run_after=2024-11-27 00:00:00+00:00
[2024-11-26T07:10:21.233+0000] {processor.py:208} INFO - Processing /opt/airflow/dags/extract_weather.py took 0.599 seconds
[2024-11-26T07:10:52.080+0000] {processor.py:186} INFO - Started process (PID=389) to work on /opt/airflow/dags/extract_weather.py
[2024-11-26T07:10:52.081+0000] {processor.py:914} INFO - Processing file /opt/airflow/dags/extract_weather.py for tasks to queue
[2024-11-26T07:10:52.082+0000] {logging_mixin.py:190} INFO - [2024-11-26T07:10:52.082+0000] {dagbag.py:588} INFO - Filling up the DagBag from /opt/airflow/dags/extract_weather.py
[2024-11-26T07:10:52.674+0000] {processor.py:925} INFO - DAG(s) 'extract_weather_dag_for' retrieved from /opt/airflow/dags/extract_weather.py
[2024-11-26T07:10:52.704+0000] {logging_mixin.py:190} INFO - [2024-11-26T07:10:52.703+0000] {dag.py:3239} INFO - Sync 1 DAGs
[2024-11-26T07:10:52.728+0000] {logging_mixin.py:190} INFO - [2024-11-26T07:10:52.728+0000] {dag.py:4180} INFO - Setting next_dagrun for extract_weather_dag_for to 2024-11-26 00:00:00+00:00, run_after=2024-11-27 00:00:00+00:00
[2024-11-26T07:10:52.752+0000] {processor.py:208} INFO - Processing /opt/airflow/dags/extract_weather.py took 0.678 seconds
[2024-11-26T07:11:22.898+0000] {processor.py:186} INFO - Started process (PID=391) to work on /opt/airflow/dags/extract_weather.py
[2024-11-26T07:11:22.899+0000] {processor.py:914} INFO - Processing file /opt/airflow/dags/extract_weather.py for tasks to queue
[2024-11-26T07:11:22.901+0000] {logging_mixin.py:190} INFO - [2024-11-26T07:11:22.900+0000] {dagbag.py:588} INFO - Filling up the DagBag from /opt/airflow/dags/extract_weather.py
[2024-11-26T07:11:23.421+0000] {processor.py:925} INFO - DAG(s) 'extract_weather_dag_for' retrieved from /opt/airflow/dags/extract_weather.py
[2024-11-26T07:11:23.460+0000] {logging_mixin.py:190} INFO - [2024-11-26T07:11:23.459+0000] {dag.py:3239} INFO - Sync 1 DAGs
[2024-11-26T07:11:23.491+0000] {logging_mixin.py:190} INFO - [2024-11-26T07:11:23.491+0000] {dag.py:4180} INFO - Setting next_dagrun for extract_weather_dag_for to 2024-11-26 00:00:00+00:00, run_after=2024-11-27 00:00:00+00:00
[2024-11-26T07:11:23.518+0000] {processor.py:208} INFO - Processing /opt/airflow/dags/extract_weather.py took 0.626 seconds
[2024-11-26T07:11:53.940+0000] {processor.py:186} INFO - Started process (PID=393) to work on /opt/airflow/dags/extract_weather.py
[2024-11-26T07:11:53.941+0000] {processor.py:914} INFO - Processing file /opt/airflow/dags/extract_weather.py for tasks to queue
[2024-11-26T07:11:53.943+0000] {logging_mixin.py:190} INFO - [2024-11-26T07:11:53.943+0000] {dagbag.py:588} INFO - Filling up the DagBag from /opt/airflow/dags/extract_weather.py
[2024-11-26T07:11:54.482+0000] {processor.py:925} INFO - DAG(s) 'extract_weather_dag_for' retrieved from /opt/airflow/dags/extract_weather.py
[2024-11-26T07:11:54.508+0000] {logging_mixin.py:190} INFO - [2024-11-26T07:11:54.508+0000] {dag.py:3239} INFO - Sync 1 DAGs
[2024-11-26T07:11:54.536+0000] {logging_mixin.py:190} INFO - [2024-11-26T07:11:54.535+0000] {dag.py:4180} INFO - Setting next_dagrun for extract_weather_dag_for to 2024-11-26 00:00:00+00:00, run_after=2024-11-27 00:00:00+00:00
[2024-11-26T07:11:54.557+0000] {processor.py:208} INFO - Processing /opt/airflow/dags/extract_weather.py took 0.623 seconds
[2024-11-26T07:12:24.983+0000] {processor.py:186} INFO - Started process (PID=395) to work on /opt/airflow/dags/extract_weather.py
[2024-11-26T07:12:24.985+0000] {processor.py:914} INFO - Processing file /opt/airflow/dags/extract_weather.py for tasks to queue
[2024-11-26T07:12:24.987+0000] {logging_mixin.py:190} INFO - [2024-11-26T07:12:24.986+0000] {dagbag.py:588} INFO - Filling up the DagBag from /opt/airflow/dags/extract_weather.py
[2024-11-26T07:12:25.542+0000] {processor.py:925} INFO - DAG(s) 'extract_weather_dag_for' retrieved from /opt/airflow/dags/extract_weather.py
[2024-11-26T07:12:25.573+0000] {logging_mixin.py:190} INFO - [2024-11-26T07:12:25.572+0000] {dag.py:3239} INFO - Sync 1 DAGs
[2024-11-26T07:12:25.597+0000] {logging_mixin.py:190} INFO - [2024-11-26T07:12:25.597+0000] {dag.py:4180} INFO - Setting next_dagrun for extract_weather_dag_for to 2024-11-26 00:00:00+00:00, run_after=2024-11-27 00:00:00+00:00
[2024-11-26T07:12:25.622+0000] {processor.py:208} INFO - Processing /opt/airflow/dags/extract_weather.py took 0.643 seconds
[2024-11-26T07:12:55.734+0000] {processor.py:186} INFO - Started process (PID=397) to work on /opt/airflow/dags/extract_weather.py
[2024-11-26T07:12:55.735+0000] {processor.py:914} INFO - Processing file /opt/airflow/dags/extract_weather.py for tasks to queue
[2024-11-26T07:12:55.738+0000] {logging_mixin.py:190} INFO - [2024-11-26T07:12:55.737+0000] {dagbag.py:588} INFO - Filling up the DagBag from /opt/airflow/dags/extract_weather.py
[2024-11-26T07:12:56.251+0000] {processor.py:925} INFO - DAG(s) 'extract_weather_dag_for' retrieved from /opt/airflow/dags/extract_weather.py
[2024-11-26T07:12:56.276+0000] {logging_mixin.py:190} INFO - [2024-11-26T07:12:56.276+0000] {dag.py:3239} INFO - Sync 1 DAGs
[2024-11-26T07:12:56.299+0000] {logging_mixin.py:190} INFO - [2024-11-26T07:12:56.298+0000] {dag.py:4180} INFO - Setting next_dagrun for extract_weather_dag_for to 2024-11-26 00:00:00+00:00, run_after=2024-11-27 00:00:00+00:00
[2024-11-26T07:12:56.323+0000] {processor.py:208} INFO - Processing /opt/airflow/dags/extract_weather.py took 0.594 seconds
[2024-11-26T07:13:26.671+0000] {processor.py:186} INFO - Started process (PID=399) to work on /opt/airflow/dags/extract_weather.py
[2024-11-26T07:13:26.672+0000] {processor.py:914} INFO - Processing file /opt/airflow/dags/extract_weather.py for tasks to queue
[2024-11-26T07:13:26.675+0000] {logging_mixin.py:190} INFO - [2024-11-26T07:13:26.674+0000] {dagbag.py:588} INFO - Filling up the DagBag from /opt/airflow/dags/extract_weather.py
[2024-11-26T07:13:27.186+0000] {processor.py:925} INFO - DAG(s) 'extract_weather_dag_for' retrieved from /opt/airflow/dags/extract_weather.py
[2024-11-26T07:13:27.217+0000] {logging_mixin.py:190} INFO - [2024-11-26T07:13:27.216+0000] {dag.py:3239} INFO - Sync 1 DAGs
[2024-11-26T07:13:27.246+0000] {logging_mixin.py:190} INFO - [2024-11-26T07:13:27.246+0000] {dag.py:4180} INFO - Setting next_dagrun for extract_weather_dag_for to 2024-11-26 00:00:00+00:00, run_after=2024-11-27 00:00:00+00:00
[2024-11-26T07:13:27.270+0000] {processor.py:208} INFO - Processing /opt/airflow/dags/extract_weather.py took 0.604 seconds
[2024-11-26T07:13:57.423+0000] {processor.py:186} INFO - Started process (PID=401) to work on /opt/airflow/dags/extract_weather.py
[2024-11-26T07:13:57.424+0000] {processor.py:914} INFO - Processing file /opt/airflow/dags/extract_weather.py for tasks to queue
[2024-11-26T07:13:57.426+0000] {logging_mixin.py:190} INFO - [2024-11-26T07:13:57.425+0000] {dagbag.py:588} INFO - Filling up the DagBag from /opt/airflow/dags/extract_weather.py
[2024-11-26T07:13:57.932+0000] {processor.py:925} INFO - DAG(s) 'extract_weather_dag_for' retrieved from /opt/airflow/dags/extract_weather.py
[2024-11-26T07:13:57.959+0000] {logging_mixin.py:190} INFO - [2024-11-26T07:13:57.958+0000] {dag.py:3239} INFO - Sync 1 DAGs
[2024-11-26T07:13:57.984+0000] {logging_mixin.py:190} INFO - [2024-11-26T07:13:57.983+0000] {dag.py:4180} INFO - Setting next_dagrun for extract_weather_dag_for to 2024-11-26 00:00:00+00:00, run_after=2024-11-27 00:00:00+00:00
[2024-11-26T07:13:58.008+0000] {processor.py:208} INFO - Processing /opt/airflow/dags/extract_weather.py took 0.591 seconds
[2024-11-26T07:14:28.418+0000] {processor.py:186} INFO - Started process (PID=403) to work on /opt/airflow/dags/extract_weather.py
[2024-11-26T07:14:28.419+0000] {processor.py:914} INFO - Processing file /opt/airflow/dags/extract_weather.py for tasks to queue
[2024-11-26T07:14:28.421+0000] {logging_mixin.py:190} INFO - [2024-11-26T07:14:28.420+0000] {dagbag.py:588} INFO - Filling up the DagBag from /opt/airflow/dags/extract_weather.py
[2024-11-26T07:14:28.951+0000] {processor.py:925} INFO - DAG(s) 'extract_weather_dag_for' retrieved from /opt/airflow/dags/extract_weather.py
[2024-11-26T07:14:28.977+0000] {logging_mixin.py:190} INFO - [2024-11-26T07:14:28.976+0000] {dag.py:3239} INFO - Sync 1 DAGs
[2024-11-26T07:14:29.000+0000] {logging_mixin.py:190} INFO - [2024-11-26T07:14:28.999+0000] {dag.py:4180} INFO - Setting next_dagrun for extract_weather_dag_for to 2024-11-26 00:00:00+00:00, run_after=2024-11-27 00:00:00+00:00
[2024-11-26T07:14:29.021+0000] {processor.py:208} INFO - Processing /opt/airflow/dags/extract_weather.py took 0.608 seconds
[2024-11-26T07:14:59.299+0000] {processor.py:186} INFO - Started process (PID=405) to work on /opt/airflow/dags/extract_weather.py
[2024-11-26T07:14:59.307+0000] {processor.py:914} INFO - Processing file /opt/airflow/dags/extract_weather.py for tasks to queue
[2024-11-26T07:14:59.310+0000] {logging_mixin.py:190} INFO - [2024-11-26T07:14:59.309+0000] {dagbag.py:588} INFO - Filling up the DagBag from /opt/airflow/dags/extract_weather.py
[2024-11-26T07:14:59.887+0000] {processor.py:925} INFO - DAG(s) 'extract_weather_dag_for' retrieved from /opt/airflow/dags/extract_weather.py
[2024-11-26T07:14:59.916+0000] {logging_mixin.py:190} INFO - [2024-11-26T07:14:59.915+0000] {dag.py:3239} INFO - Sync 1 DAGs
[2024-11-26T07:14:59.940+0000] {logging_mixin.py:190} INFO - [2024-11-26T07:14:59.940+0000] {dag.py:4180} INFO - Setting next_dagrun for extract_weather_dag_for to 2024-11-26 00:00:00+00:00, run_after=2024-11-27 00:00:00+00:00
[2024-11-26T07:14:59.964+0000] {processor.py:208} INFO - Processing /opt/airflow/dags/extract_weather.py took 0.674 seconds
[2024-11-26T07:15:30.128+0000] {processor.py:186} INFO - Started process (PID=407) to work on /opt/airflow/dags/extract_weather.py
[2024-11-26T07:15:30.129+0000] {processor.py:914} INFO - Processing file /opt/airflow/dags/extract_weather.py for tasks to queue
[2024-11-26T07:15:30.130+0000] {logging_mixin.py:190} INFO - [2024-11-26T07:15:30.130+0000] {dagbag.py:588} INFO - Filling up the DagBag from /opt/airflow/dags/extract_weather.py
[2024-11-26T07:15:30.657+0000] {processor.py:925} INFO - DAG(s) 'extract_weather_dag_for' retrieved from /opt/airflow/dags/extract_weather.py
[2024-11-26T07:15:30.686+0000] {logging_mixin.py:190} INFO - [2024-11-26T07:15:30.685+0000] {dag.py:3239} INFO - Sync 1 DAGs
[2024-11-26T07:15:30.711+0000] {logging_mixin.py:190} INFO - [2024-11-26T07:15:30.711+0000] {dag.py:4180} INFO - Setting next_dagrun for extract_weather_dag_for to 2024-11-26 00:00:00+00:00, run_after=2024-11-27 00:00:00+00:00
[2024-11-26T07:15:30.733+0000] {processor.py:208} INFO - Processing /opt/airflow/dags/extract_weather.py took 0.611 seconds
[2024-11-26T07:16:01.023+0000] {processor.py:186} INFO - Started process (PID=409) to work on /opt/airflow/dags/extract_weather.py
[2024-11-26T07:16:01.024+0000] {processor.py:914} INFO - Processing file /opt/airflow/dags/extract_weather.py for tasks to queue
[2024-11-26T07:16:01.026+0000] {logging_mixin.py:190} INFO - [2024-11-26T07:16:01.025+0000] {dagbag.py:588} INFO - Filling up the DagBag from /opt/airflow/dags/extract_weather.py
[2024-11-26T07:16:01.557+0000] {processor.py:925} INFO - DAG(s) 'extract_weather_dag_for' retrieved from /opt/airflow/dags/extract_weather.py
[2024-11-26T07:16:01.585+0000] {logging_mixin.py:190} INFO - [2024-11-26T07:16:01.585+0000] {dag.py:3239} INFO - Sync 1 DAGs
[2024-11-26T07:16:01.611+0000] {logging_mixin.py:190} INFO - [2024-11-26T07:16:01.611+0000] {dag.py:4180} INFO - Setting next_dagrun for extract_weather_dag_for to 2024-11-26 00:00:00+00:00, run_after=2024-11-27 00:00:00+00:00
[2024-11-26T07:16:01.635+0000] {processor.py:208} INFO - Processing /opt/airflow/dags/extract_weather.py took 0.617 seconds
[2024-11-26T07:16:31.740+0000] {processor.py:186} INFO - Started process (PID=411) to work on /opt/airflow/dags/extract_weather.py
[2024-11-26T07:16:31.742+0000] {processor.py:914} INFO - Processing file /opt/airflow/dags/extract_weather.py for tasks to queue
[2024-11-26T07:16:31.744+0000] {logging_mixin.py:190} INFO - [2024-11-26T07:16:31.743+0000] {dagbag.py:588} INFO - Filling up the DagBag from /opt/airflow/dags/extract_weather.py
[2024-11-26T07:16:32.494+0000] {processor.py:925} INFO - DAG(s) 'extract_weather_dag_for' retrieved from /opt/airflow/dags/extract_weather.py
[2024-11-26T07:16:32.538+0000] {logging_mixin.py:190} INFO - [2024-11-26T07:16:32.537+0000] {dag.py:3239} INFO - Sync 1 DAGs
[2024-11-26T07:16:32.573+0000] {logging_mixin.py:190} INFO - [2024-11-26T07:16:32.572+0000] {dag.py:4180} INFO - Setting next_dagrun for extract_weather_dag_for to 2024-11-26 00:00:00+00:00, run_after=2024-11-27 00:00:00+00:00
[2024-11-26T07:16:32.614+0000] {processor.py:208} INFO - Processing /opt/airflow/dags/extract_weather.py took 0.881 seconds
[2024-11-26T07:17:03.373+0000] {processor.py:186} INFO - Started process (PID=413) to work on /opt/airflow/dags/extract_weather.py
[2024-11-26T07:17:03.375+0000] {processor.py:914} INFO - Processing file /opt/airflow/dags/extract_weather.py for tasks to queue
[2024-11-26T07:17:03.377+0000] {logging_mixin.py:190} INFO - [2024-11-26T07:17:03.377+0000] {dagbag.py:588} INFO - Filling up the DagBag from /opt/airflow/dags/extract_weather.py
[2024-11-26T07:17:03.919+0000] {processor.py:925} INFO - DAG(s) 'extract_weather_dag_for' retrieved from /opt/airflow/dags/extract_weather.py
[2024-11-26T07:17:03.947+0000] {logging_mixin.py:190} INFO - [2024-11-26T07:17:03.947+0000] {dag.py:3239} INFO - Sync 1 DAGs
[2024-11-26T07:17:03.974+0000] {logging_mixin.py:190} INFO - [2024-11-26T07:17:03.974+0000] {dag.py:4180} INFO - Setting next_dagrun for extract_weather_dag_for to 2024-11-26 00:00:00+00:00, run_after=2024-11-27 00:00:00+00:00
[2024-11-26T07:17:03.999+0000] {processor.py:208} INFO - Processing /opt/airflow/dags/extract_weather.py took 0.631 seconds
[2024-11-26T07:17:34.078+0000] {processor.py:186} INFO - Started process (PID=415) to work on /opt/airflow/dags/extract_weather.py
[2024-11-26T07:17:34.079+0000] {processor.py:914} INFO - Processing file /opt/airflow/dags/extract_weather.py for tasks to queue
[2024-11-26T07:17:34.081+0000] {logging_mixin.py:190} INFO - [2024-11-26T07:17:34.081+0000] {dagbag.py:588} INFO - Filling up the DagBag from /opt/airflow/dags/extract_weather.py
[2024-11-26T07:17:34.621+0000] {processor.py:925} INFO - DAG(s) 'extract_weather_dag_for' retrieved from /opt/airflow/dags/extract_weather.py
[2024-11-26T07:17:34.649+0000] {logging_mixin.py:190} INFO - [2024-11-26T07:17:34.647+0000] {dag.py:3239} INFO - Sync 1 DAGs
[2024-11-26T07:17:34.673+0000] {logging_mixin.py:190} INFO - [2024-11-26T07:17:34.672+0000] {dag.py:4180} INFO - Setting next_dagrun for extract_weather_dag_for to 2024-11-26 00:00:00+00:00, run_after=2024-11-27 00:00:00+00:00
[2024-11-26T07:17:34.696+0000] {processor.py:208} INFO - Processing /opt/airflow/dags/extract_weather.py took 0.625 seconds
[2024-11-26T07:18:04.918+0000] {processor.py:186} INFO - Started process (PID=417) to work on /opt/airflow/dags/extract_weather.py
[2024-11-26T07:18:04.919+0000] {processor.py:914} INFO - Processing file /opt/airflow/dags/extract_weather.py for tasks to queue
[2024-11-26T07:18:04.921+0000] {logging_mixin.py:190} INFO - [2024-11-26T07:18:04.921+0000] {dagbag.py:588} INFO - Filling up the DagBag from /opt/airflow/dags/extract_weather.py
[2024-11-26T07:18:05.435+0000] {processor.py:925} INFO - DAG(s) 'extract_weather_dag_for' retrieved from /opt/airflow/dags/extract_weather.py
[2024-11-26T07:18:05.466+0000] {logging_mixin.py:190} INFO - [2024-11-26T07:18:05.465+0000] {dag.py:3239} INFO - Sync 1 DAGs
[2024-11-26T07:18:05.496+0000] {logging_mixin.py:190} INFO - [2024-11-26T07:18:05.496+0000] {dag.py:4180} INFO - Setting next_dagrun for extract_weather_dag_for to 2024-11-26 00:00:00+00:00, run_after=2024-11-27 00:00:00+00:00
[2024-11-26T07:18:05.519+0000] {processor.py:208} INFO - Processing /opt/airflow/dags/extract_weather.py took 0.606 seconds
[2024-11-26T07:18:35.711+0000] {processor.py:186} INFO - Started process (PID=419) to work on /opt/airflow/dags/extract_weather.py
[2024-11-26T07:18:35.712+0000] {processor.py:914} INFO - Processing file /opt/airflow/dags/extract_weather.py for tasks to queue
[2024-11-26T07:18:35.714+0000] {logging_mixin.py:190} INFO - [2024-11-26T07:18:35.714+0000] {dagbag.py:588} INFO - Filling up the DagBag from /opt/airflow/dags/extract_weather.py
[2024-11-26T07:18:36.237+0000] {processor.py:925} INFO - DAG(s) 'extract_weather_dag_for' retrieved from /opt/airflow/dags/extract_weather.py
[2024-11-26T07:18:36.264+0000] {logging_mixin.py:190} INFO - [2024-11-26T07:18:36.263+0000] {dag.py:3239} INFO - Sync 1 DAGs
[2024-11-26T07:18:36.289+0000] {logging_mixin.py:190} INFO - [2024-11-26T07:18:36.289+0000] {dag.py:4180} INFO - Setting next_dagrun for extract_weather_dag_for to 2024-11-26 00:00:00+00:00, run_after=2024-11-27 00:00:00+00:00
[2024-11-26T07:18:36.315+0000] {processor.py:208} INFO - Processing /opt/airflow/dags/extract_weather.py took 0.610 seconds
[2024-11-26T07:19:06.805+0000] {processor.py:186} INFO - Started process (PID=421) to work on /opt/airflow/dags/extract_weather.py
[2024-11-26T07:19:06.807+0000] {processor.py:914} INFO - Processing file /opt/airflow/dags/extract_weather.py for tasks to queue
[2024-11-26T07:19:06.808+0000] {logging_mixin.py:190} INFO - [2024-11-26T07:19:06.808+0000] {dagbag.py:588} INFO - Filling up the DagBag from /opt/airflow/dags/extract_weather.py
[2024-11-26T07:19:07.388+0000] {processor.py:925} INFO - DAG(s) 'extract_weather_dag_for' retrieved from /opt/airflow/dags/extract_weather.py
[2024-11-26T07:19:07.418+0000] {logging_mixin.py:190} INFO - [2024-11-26T07:19:07.417+0000] {dag.py:3239} INFO - Sync 1 DAGs
[2024-11-26T07:19:07.446+0000] {logging_mixin.py:190} INFO - [2024-11-26T07:19:07.445+0000] {dag.py:4180} INFO - Setting next_dagrun for extract_weather_dag_for to 2024-11-26 00:00:00+00:00, run_after=2024-11-27 00:00:00+00:00
[2024-11-26T07:19:07.467+0000] {processor.py:208} INFO - Processing /opt/airflow/dags/extract_weather.py took 0.668 seconds
