[2024-11-26T07:42:29.211+0000] {local_task_job_runner.py:123} INFO - ::group::Pre task execution logs
[2024-11-26T07:42:29.237+0000] {taskinstance.py:2612} INFO - Dependencies all met for dep_context=non-requeueable deps ti=<TaskInstance: extract_weather_dag.extract_data manual__2024-11-26T07:41:28.571022+00:00 map_index=1 [queued]>
[2024-11-26T07:42:29.254+0000] {taskinstance.py:2612} INFO - Dependencies all met for dep_context=requeueable deps ti=<TaskInstance: extract_weather_dag.extract_data manual__2024-11-26T07:41:28.571022+00:00 map_index=1 [queued]>
[2024-11-26T07:42:29.280+0000] {taskinstance.py:2865} INFO - Starting attempt 2 of 3
[2024-11-26T07:42:29.319+0000] {taskinstance.py:2888} INFO - Executing <Mapped(WeatherToCSVOperator): extract_data> on 2024-11-26 07:41:28.571022+00:00
[2024-11-26T07:42:29.347+0000] {standard_task_runner.py:104} INFO - Running: ['***', 'tasks', 'run', 'extract_weather_dag', 'extract_data', 'manual__2024-11-26T07:41:28.571022+00:00', '--job-id', '105', '--raw', '--subdir', 'DAGS_FOLDER/extract_weather.py', '--cfg-path', '/tmp/tmpj0zhygd2', '--map-index', '1']
[2024-11-26T07:42:29.348+0000] {logging_mixin.py:190} WARNING - /home/***/.local/lib/python3.12/site-packages/***/task/task_runner/standard_task_runner.py:70 DeprecationWarning: This process (pid=870) is multi-threaded, use of fork() may lead to deadlocks in the child.
[2024-11-26T07:42:29.375+0000] {standard_task_runner.py:105} INFO - Job 105: Subtask extract_data
[2024-11-26T07:42:29.377+0000] {standard_task_runner.py:72} INFO - Started process 877 to run task
[2024-11-26T07:42:29.417+0000] {logging_mixin.py:190} WARNING - /home/***/.local/lib/python3.12/site-packages/***/settings.py:209 DeprecationWarning: The sql_alchemy_conn option in [core] has been moved to the sql_alchemy_conn option in [database] - the old setting has been used, but please update your config.
[2024-11-26T07:42:29.528+0000] {task_command.py:467} INFO - Running <TaskInstance: extract_weather_dag.extract_data manual__2024-11-26T07:41:28.571022+00:00 map_index=1 [running]> on host ac9b5e0c2e2c
[2024-11-26T07:42:29.677+0000] {taskinstance.py:3131} INFO - Exporting env vars: AIRFLOW_CTX_DAG_OWNER='***' AIRFLOW_CTX_DAG_ID='extract_weather_dag' AIRFLOW_CTX_TASK_ID='extract_data' AIRFLOW_CTX_EXECUTION_DATE='2024-11-26T07:41:28.571022+00:00' AIRFLOW_CTX_TRY_NUMBER='2' AIRFLOW_CTX_DAG_RUN_ID='manual__2024-11-26T07:41:28.571022+00:00'
[2024-11-26T07:42:29.681+0000] {taskinstance.py:731} INFO - ::endgroup::
[2024-11-26T07:42:29.684+0000] {operator.py:22} INFO - Fetching weather in Paris
[2024-11-26T07:42:29.709+0000] {base.py:84} INFO - Retrieving connection 'weather_api'
[2024-11-26T07:42:31.082+0000] {operator.py:25} INFO - Create DataFrame
[2024-11-26T07:42:31.085+0000] {operator.py:28} INFO - Writing weather to /opt/***/data/Paris_20241126.csv
[2024-11-26T07:42:31.094+0000] {operator.py:31} INFO - Weather data written to /opt/***/data/Paris_20241126.csv
[2024-11-26T07:42:31.106+0000] {taskinstance.py:340} INFO - ::group::Post task execution logs
[2024-11-26T07:42:31.107+0000] {taskinstance.py:352} INFO - Marking task as SUCCESS. dag_id=extract_weather_dag, task_id=extract_data, run_id=manual__2024-11-26T07:41:28.571022+00:00, map_index=1, execution_date=20241126T074128, start_date=20241126T074229, end_date=20241126T074231
[2024-11-26T07:42:31.164+0000] {local_task_job_runner.py:266} INFO - Task exited with return code 0
[2024-11-26T07:42:31.182+0000] {taskinstance.py:3900} INFO - 0 downstream tasks scheduled from follow-on schedule check
[2024-11-26T07:42:31.185+0000] {local_task_job_runner.py:245} INFO - ::endgroup::
