[2024-11-26T07:08:56.713+0000] {local_task_job_runner.py:123} INFO - ::group::Pre task execution logs
[2024-11-26T07:08:56.742+0000] {taskinstance.py:2612} INFO - Dependencies all met for dep_context=non-requeueable deps ti=<TaskInstance: extract_weather_dag_for.tasks_for.extract_data_from_Berlin manual__2024-11-26T07:08:22.680863+00:00 [queued]>
[2024-11-26T07:08:56.753+0000] {taskinstance.py:2612} INFO - Dependencies all met for dep_context=requeueable deps ti=<TaskInstance: extract_weather_dag_for.tasks_for.extract_data_from_Berlin manual__2024-11-26T07:08:22.680863+00:00 [queued]>
[2024-11-26T07:08:56.754+0000] {taskinstance.py:2865} INFO - Starting attempt 1 of 2
[2024-11-26T07:08:56.788+0000] {taskinstance.py:2888} INFO - Executing <Task(WeatherToCSVOperator): tasks_for.extract_data_from_Berlin> on 2024-11-26 07:08:22.680863+00:00
[2024-11-26T07:08:56.796+0000] {logging_mixin.py:190} WARNING - /home/***/.local/lib/python3.12/site-packages/***/task/task_runner/standard_task_runner.py:70 DeprecationWarning: This process (pid=374) is multi-threaded, use of fork() may lead to deadlocks in the child.
[2024-11-26T07:08:56.798+0000] {standard_task_runner.py:72} INFO - Started process 381 to run task
[2024-11-26T07:08:56.799+0000] {standard_task_runner.py:104} INFO - Running: ['***', 'tasks', 'run', 'extract_weather_dag_for', 'tasks_for.extract_data_from_Berlin', 'manual__2024-11-26T07:08:22.680863+00:00', '--job-id', '72', '--raw', '--subdir', 'DAGS_FOLDER/extract_weather.py', '--cfg-path', '/tmp/tmptlgqwhvn']
[2024-11-26T07:08:56.803+0000] {standard_task_runner.py:105} INFO - Job 72: Subtask tasks_for.extract_data_from_Berlin
[2024-11-26T07:08:56.832+0000] {logging_mixin.py:190} WARNING - /home/***/.local/lib/python3.12/site-packages/***/settings.py:209 DeprecationWarning: The sql_alchemy_conn option in [core] has been moved to the sql_alchemy_conn option in [database] - the old setting has been used, but please update your config.
[2024-11-26T07:08:56.887+0000] {task_command.py:467} INFO - Running <TaskInstance: extract_weather_dag_for.tasks_for.extract_data_from_Berlin manual__2024-11-26T07:08:22.680863+00:00 [running]> on host ac9b5e0c2e2c
[2024-11-26T07:08:56.997+0000] {taskinstance.py:3131} INFO - Exporting env vars: AIRFLOW_CTX_DAG_OWNER='***' AIRFLOW_CTX_DAG_ID='extract_weather_dag_for' AIRFLOW_CTX_TASK_ID='tasks_for.extract_data_from_Berlin' AIRFLOW_CTX_EXECUTION_DATE='2024-11-26T07:08:22.680863+00:00' AIRFLOW_CTX_TRY_NUMBER='1' AIRFLOW_CTX_DAG_RUN_ID='manual__2024-11-26T07:08:22.680863+00:00'
[2024-11-26T07:08:56.998+0000] {taskinstance.py:731} INFO - ::endgroup::
[2024-11-26T07:08:57.000+0000] {operator.py:23} INFO - Fetching weather in Berlin
[2024-11-26T07:08:57.012+0000] {base.py:84} INFO - Retrieving connection 'weather_api'
[2024-11-26T07:08:57.139+0000] {operator.py:26} INFO - Create DataFrame
[2024-11-26T07:08:57.143+0000] {operator.py:29} INFO - Writing weather to /opt/***/data/Berlin_20241126.csv
[2024-11-26T07:08:57.153+0000] {operator.py:32} INFO - Weather data written to /opt/***/data/Berlin_20241126.csv
[2024-11-26T07:08:57.166+0000] {taskinstance.py:340} INFO - ::group::Post task execution logs
[2024-11-26T07:08:57.168+0000] {taskinstance.py:352} INFO - Marking task as SUCCESS. dag_id=extract_weather_dag_for, task_id=tasks_for.extract_data_from_Berlin, run_id=manual__2024-11-26T07:08:22.680863+00:00, execution_date=20241126T070822, start_date=20241126T070856, end_date=20241126T070857
[2024-11-26T07:08:57.217+0000] {local_task_job_runner.py:266} INFO - Task exited with return code 0
[2024-11-26T07:08:57.238+0000] {taskinstance.py:3900} INFO - 0 downstream tasks scheduled from follow-on schedule check
[2024-11-26T07:08:57.240+0000] {local_task_job_runner.py:245} INFO - ::endgroup::
