[2024-11-25T22:34:29.138+0000] {local_task_job_runner.py:123} INFO - ::group::Pre task execution logs
[2024-11-25T22:34:29.166+0000] {taskinstance.py:2612} INFO - Dependencies all met for dep_context=non-requeueable deps ti=<TaskInstance: extract_weather_dag.extract_data manual__2024-11-25T22:34:23.554697+00:00 map_index=0 [queued]>
[2024-11-25T22:34:29.180+0000] {taskinstance.py:2612} INFO - Dependencies all met for dep_context=requeueable deps ti=<TaskInstance: extract_weather_dag.extract_data manual__2024-11-25T22:34:23.554697+00:00 map_index=0 [queued]>
[2024-11-25T22:34:29.181+0000] {taskinstance.py:2865} INFO - Starting attempt 1 of 2
[2024-11-25T22:34:29.198+0000] {taskinstance.py:2888} INFO - Executing <Mapped(WeatherToCSVOperator): extract_data> on 2024-11-25 22:34:23.554697+00:00
[2024-11-25T22:34:29.207+0000] {standard_task_runner.py:104} INFO - Running: ['***', 'tasks', 'run', 'extract_weather_dag', 'extract_data', 'manual__2024-11-25T22:34:23.554697+00:00', '--job-id', '29', '--raw', '--subdir', 'DAGS_FOLDER/extract_weather.py', '--cfg-path', '/tmp/tmpewjjfkqe', '--map-index', '0']
[2024-11-25T22:34:29.207+0000] {logging_mixin.py:190} WARNING - /home/***/.local/lib/python3.12/site-packages/***/task/task_runner/standard_task_runner.py:70 DeprecationWarning: This process (pid=407) is multi-threaded, use of fork() may lead to deadlocks in the child.
[2024-11-25T22:34:29.208+0000] {standard_task_runner.py:105} INFO - Job 29: Subtask extract_data
[2024-11-25T22:34:29.209+0000] {standard_task_runner.py:72} INFO - Started process 414 to run task
[2024-11-25T22:34:29.227+0000] {logging_mixin.py:190} WARNING - /home/***/.local/lib/python3.12/site-packages/***/settings.py:209 DeprecationWarning: The sql_alchemy_conn option in [core] has been moved to the sql_alchemy_conn option in [database] - the old setting has been used, but please update your config.
[2024-11-25T22:34:29.271+0000] {task_command.py:467} INFO - Running <TaskInstance: extract_weather_dag.extract_data manual__2024-11-25T22:34:23.554697+00:00 map_index=0 [running]> on host ac9b5e0c2e2c
[2024-11-25T22:34:29.372+0000] {taskinstance.py:3131} INFO - Exporting env vars: AIRFLOW_CTX_DAG_OWNER='***' AIRFLOW_CTX_DAG_ID='extract_weather_dag' AIRFLOW_CTX_TASK_ID='extract_data' AIRFLOW_CTX_EXECUTION_DATE='2024-11-25T22:34:23.554697+00:00' AIRFLOW_CTX_TRY_NUMBER='1' AIRFLOW_CTX_DAG_RUN_ID='manual__2024-11-25T22:34:23.554697+00:00'
[2024-11-25T22:34:29.375+0000] {taskinstance.py:731} INFO - ::endgroup::
[2024-11-25T22:34:29.377+0000] {operator.py:23} INFO - Fetching weather in Moscow
[2024-11-25T22:34:29.389+0000] {base.py:84} INFO - Retrieving connection 'weather_api'
[2024-11-25T22:34:29.936+0000] {operator.py:26} INFO - Create DataFrame
[2024-11-25T22:34:29.938+0000] {operator.py:29} INFO - Writing weather to /opt/***/data/Moscow_20241126.csv
[2024-11-25T22:34:29.948+0000] {operator.py:32} INFO - Weather data written to /opt/***/data/Moscow_20241126.csv
[2024-11-25T22:34:29.961+0000] {taskinstance.py:340} INFO - ::group::Post task execution logs
[2024-11-25T22:34:29.962+0000] {taskinstance.py:352} INFO - Marking task as SUCCESS. dag_id=extract_weather_dag, task_id=extract_data, run_id=manual__2024-11-25T22:34:23.554697+00:00, map_index=0, execution_date=20241125T223423, start_date=20241125T223429, end_date=20241125T223429
[2024-11-25T22:34:29.987+0000] {local_task_job_runner.py:266} INFO - Task exited with return code 0
[2024-11-25T22:34:30.010+0000] {taskinstance.py:3900} INFO - 0 downstream tasks scheduled from follow-on schedule check
[2024-11-25T22:34:30.014+0000] {local_task_job_runner.py:245} INFO - ::endgroup::
[2024-11-25T22:35:26.308+0000] {local_task_job_runner.py:123} INFO - ::group::Pre task execution logs
[2024-11-25T22:35:26.324+0000] {taskinstance.py:2602} INFO - Dependencies not met for <TaskInstance: extract_weather_dag.extract_data manual__2024-11-25T22:34:23.554697+00:00 map_index=0 [success]>, dependency 'Task Instance State' FAILED: Task is in the 'success' state.
[2024-11-25T22:35:26.342+0000] {local_task_job_runner.py:166} INFO - Task is not able to be run
