[2024-11-26T07:42:35.665+0000] {local_task_job_runner.py:123} INFO - ::group::Pre task execution logs
[2024-11-26T07:42:35.691+0000] {taskinstance.py:2612} INFO - Dependencies all met for dep_context=non-requeueable deps ti=<TaskInstance: extract_weather_dag.extract_data manual__2024-11-26T07:41:28.571022+00:00 map_index=2 [queued]>
[2024-11-26T07:42:35.704+0000] {taskinstance.py:2612} INFO - Dependencies all met for dep_context=requeueable deps ti=<TaskInstance: extract_weather_dag.extract_data manual__2024-11-26T07:41:28.571022+00:00 map_index=2 [queued]>
[2024-11-26T07:42:35.705+0000] {taskinstance.py:2865} INFO - Starting attempt 2 of 3
[2024-11-26T07:42:35.725+0000] {taskinstance.py:2888} INFO - Executing <Mapped(WeatherToCSVOperator): extract_data> on 2024-11-26 07:41:28.571022+00:00
[2024-11-26T07:42:35.739+0000] {logging_mixin.py:190} WARNING - /home/***/.local/lib/python3.12/site-packages/***/task/task_runner/standard_task_runner.py:70 DeprecationWarning: This process (pid=879) is multi-threaded, use of fork() may lead to deadlocks in the child.
[2024-11-26T07:42:35.741+0000] {standard_task_runner.py:72} INFO - Started process 886 to run task
[2024-11-26T07:42:35.741+0000] {standard_task_runner.py:104} INFO - Running: ['***', 'tasks', 'run', 'extract_weather_dag', 'extract_data', 'manual__2024-11-26T07:41:28.571022+00:00', '--job-id', '106', '--raw', '--subdir', 'DAGS_FOLDER/extract_weather.py', '--cfg-path', '/tmp/tmpqwn3j4x0', '--map-index', '2']
[2024-11-26T07:42:35.747+0000] {standard_task_runner.py:105} INFO - Job 106: Subtask extract_data
[2024-11-26T07:42:35.782+0000] {logging_mixin.py:190} WARNING - /home/***/.local/lib/python3.12/site-packages/***/settings.py:209 DeprecationWarning: The sql_alchemy_conn option in [core] has been moved to the sql_alchemy_conn option in [database] - the old setting has been used, but please update your config.
[2024-11-26T07:42:35.829+0000] {task_command.py:467} INFO - Running <TaskInstance: extract_weather_dag.extract_data manual__2024-11-26T07:41:28.571022+00:00 map_index=2 [running]> on host ac9b5e0c2e2c
[2024-11-26T07:42:35.929+0000] {taskinstance.py:3131} INFO - Exporting env vars: AIRFLOW_CTX_DAG_OWNER='***' AIRFLOW_CTX_DAG_ID='extract_weather_dag' AIRFLOW_CTX_TASK_ID='extract_data' AIRFLOW_CTX_EXECUTION_DATE='2024-11-26T07:41:28.571022+00:00' AIRFLOW_CTX_TRY_NUMBER='2' AIRFLOW_CTX_DAG_RUN_ID='manual__2024-11-26T07:41:28.571022+00:00'
[2024-11-26T07:42:35.932+0000] {taskinstance.py:731} INFO - ::endgroup::
[2024-11-26T07:42:35.937+0000] {operator.py:22} INFO - Fetching weather in Berlin
[2024-11-26T07:42:35.950+0000] {base.py:84} INFO - Retrieving connection 'weather_api'
[2024-11-26T07:42:36.210+0000] {operator.py:25} INFO - Create DataFrame
[2024-11-26T07:42:36.213+0000] {operator.py:28} INFO - Writing weather to /opt/***/data/Berlin_20241126.csv
[2024-11-26T07:42:36.226+0000] {operator.py:31} INFO - Weather data written to /opt/***/data/Berlin_20241126.csv
[2024-11-26T07:42:36.242+0000] {taskinstance.py:340} INFO - ::group::Post task execution logs
[2024-11-26T07:42:36.246+0000] {taskinstance.py:352} INFO - Marking task as SUCCESS. dag_id=extract_weather_dag, task_id=extract_data, run_id=manual__2024-11-26T07:41:28.571022+00:00, map_index=2, execution_date=20241126T074128, start_date=20241126T074235, end_date=20241126T074236
[2024-11-26T07:42:36.279+0000] {local_task_job_runner.py:266} INFO - Task exited with return code 0
[2024-11-26T07:42:36.304+0000] {taskinstance.py:3900} INFO - 0 downstream tasks scheduled from follow-on schedule check
[2024-11-26T07:42:36.308+0000] {local_task_job_runner.py:245} INFO - ::endgroup::
