[2024-11-26T06:54:08.647+0000] {local_task_job_runner.py:123} INFO - ::group::Pre task execution logs
[2024-11-26T06:54:08.673+0000] {taskinstance.py:2612} INFO - Dependencies all met for dep_context=non-requeueable deps ti=<TaskInstance: extract_weather_dag.extract_data scheduled__2024-11-25T00:00:00+00:00 map_index=4 [queued]>
[2024-11-26T06:54:08.684+0000] {taskinstance.py:2612} INFO - Dependencies all met for dep_context=requeueable deps ti=<TaskInstance: extract_weather_dag.extract_data scheduled__2024-11-25T00:00:00+00:00 map_index=4 [queued]>
[2024-11-26T06:54:08.685+0000] {taskinstance.py:2865} INFO - Starting attempt 1 of 2
[2024-11-26T06:54:08.698+0000] {taskinstance.py:2888} INFO - Executing <Mapped(WeatherToCSVOperator): extract_data> on 2024-11-25 00:00:00+00:00
[2024-11-26T06:54:08.707+0000] {logging_mixin.py:190} WARNING - /home/***/.local/lib/python3.12/site-packages/***/task/task_runner/standard_task_runner.py:70 DeprecationWarning: This process (pid=69) is multi-threaded, use of fork() may lead to deadlocks in the child.
[2024-11-26T06:54:08.708+0000] {standard_task_runner.py:104} INFO - Running: ['***', 'tasks', 'run', 'extract_weather_dag', 'extract_data', 'scheduled__2024-11-25T00:00:00+00:00', '--job-id', '42', '--raw', '--subdir', 'DAGS_FOLDER/extract_weather.py', '--cfg-path', '/tmp/tmpbvxm1hn3', '--map-index', '4']
[2024-11-26T06:54:08.710+0000] {standard_task_runner.py:72} INFO - Started process 76 to run task
[2024-11-26T06:54:08.710+0000] {standard_task_runner.py:105} INFO - Job 42: Subtask extract_data
[2024-11-26T06:54:08.725+0000] {logging_mixin.py:190} WARNING - /home/***/.local/lib/python3.12/site-packages/***/settings.py:209 DeprecationWarning: The sql_alchemy_conn option in [core] has been moved to the sql_alchemy_conn option in [database] - the old setting has been used, but please update your config.
[2024-11-26T06:54:08.770+0000] {task_command.py:467} INFO - Running <TaskInstance: extract_weather_dag.extract_data scheduled__2024-11-25T00:00:00+00:00 map_index=4 [running]> on host ac9b5e0c2e2c
[2024-11-26T06:54:08.772+0000] {logging_mixin.py:190} WARNING - /home/***/.local/lib/python3.12/site-packages/***/settings.py:470 DeprecationWarning: The sql_alchemy_conn option in [core] has been moved to the sql_alchemy_conn option in [database] - the old setting has been used, but please update your config.
[2024-11-26T06:54:08.857+0000] {taskinstance.py:3131} INFO - Exporting env vars: AIRFLOW_CTX_DAG_OWNER='***' AIRFLOW_CTX_DAG_ID='extract_weather_dag' AIRFLOW_CTX_TASK_ID='extract_data' AIRFLOW_CTX_EXECUTION_DATE='2024-11-25T00:00:00+00:00' AIRFLOW_CTX_TRY_NUMBER='1' AIRFLOW_CTX_DAG_RUN_ID='scheduled__2024-11-25T00:00:00+00:00'
[2024-11-26T06:54:08.859+0000] {taskinstance.py:731} INFO - ::endgroup::
[2024-11-26T06:54:08.862+0000] {operator.py:23} INFO - Fetching weather in Paris
[2024-11-26T06:54:08.874+0000] {base.py:84} INFO - Retrieving connection 'weather_api'
[2024-11-26T06:54:08.995+0000] {operator.py:26} INFO - Create DataFrame
[2024-11-26T06:54:08.998+0000] {operator.py:29} INFO - Writing weather to /opt/***/data/Paris_20241126.csv
[2024-11-26T06:54:09.006+0000] {operator.py:32} INFO - Weather data written to /opt/***/data/Paris_20241126.csv
[2024-11-26T06:54:09.019+0000] {taskinstance.py:340} INFO - ::group::Post task execution logs
[2024-11-26T06:54:09.020+0000] {taskinstance.py:352} INFO - Marking task as SUCCESS. dag_id=extract_weather_dag, task_id=extract_data, run_id=scheduled__2024-11-25T00:00:00+00:00, map_index=4, execution_date=20241125T000000, start_date=20241126T065408, end_date=20241126T065409
[2024-11-26T06:54:09.046+0000] {local_task_job_runner.py:266} INFO - Task exited with return code 0
[2024-11-26T06:54:09.063+0000] {taskinstance.py:3900} INFO - 0 downstream tasks scheduled from follow-on schedule check
[2024-11-26T06:54:09.065+0000] {local_task_job_runner.py:245} INFO - ::endgroup::
