[2024-11-25T21:48:53.426+0000] {local_task_job_runner.py:123} INFO - ::group::Pre task execution logs
[2024-11-25T21:48:53.448+0000] {taskinstance.py:2612} INFO - Dependencies all met for dep_context=non-requeueable deps ti=<TaskInstance: extract_weather.extract_data manual__2024-11-25T21:43:37.102564+00:00 [queued]>
[2024-11-25T21:48:53.462+0000] {taskinstance.py:2612} INFO - Dependencies all met for dep_context=requeueable deps ti=<TaskInstance: extract_weather.extract_data manual__2024-11-25T21:43:37.102564+00:00 [queued]>
[2024-11-25T21:48:53.464+0000] {taskinstance.py:2865} INFO - Starting attempt 3 of 4
[2024-11-25T21:48:53.482+0000] {taskinstance.py:2888} INFO - Executing <Task(WeatherToCSVOperator): extract_data> on 2024-11-25 21:43:37.102564+00:00
[2024-11-25T21:48:53.487+0000] {standard_task_runner.py:72} INFO - Started process 39 to run task
[2024-11-25T21:48:53.489+0000] {standard_task_runner.py:104} INFO - Running: ['***', 'tasks', 'run', 'extract_weather', 'extract_data', 'manual__2024-11-25T21:43:37.102564+00:00', '--job-id', '7', '--raw', '--subdir', 'DAGS_FOLDER/extract_weather.py', '--cfg-path', '/tmp/tmp3m5cb1xs']
[2024-11-25T21:48:53.491+0000] {standard_task_runner.py:105} INFO - Job 7: Subtask extract_data
[2024-11-25T21:48:53.506+0000] {logging_mixin.py:190} WARNING - /home/***/.local/lib/python3.12/site-packages/***/settings.py:209 DeprecationWarning: The sql_alchemy_conn option in [core] has been moved to the sql_alchemy_conn option in [database] - the old setting has been used, but please update your config.
[2024-11-25T21:48:53.547+0000] {task_command.py:467} INFO - Running <TaskInstance: extract_weather.extract_data manual__2024-11-25T21:43:37.102564+00:00 [running]> on host ac9b5e0c2e2c
[2024-11-25T21:48:53.643+0000] {taskinstance.py:3131} INFO - Exporting env vars: AIRFLOW_CTX_DAG_OWNER='***' AIRFLOW_CTX_DAG_ID='extract_weather' AIRFLOW_CTX_TASK_ID='extract_data' AIRFLOW_CTX_EXECUTION_DATE='2024-11-25T21:43:37.102564+00:00' AIRFLOW_CTX_TRY_NUMBER='3' AIRFLOW_CTX_DAG_RUN_ID='manual__2024-11-25T21:43:37.102564+00:00'
[2024-11-25T21:48:53.645+0000] {taskinstance.py:731} INFO - ::endgroup::
[2024-11-25T21:48:53.684+0000] {operator.py:23} INFO - Fetching weather in Moscow
[2024-11-25T21:48:53.698+0000] {base.py:84} INFO - Retrieving connection 'weather_api'
[2024-11-25T21:48:54.525+0000] {operator.py:27} INFO - Fetched {'temp_c': -2.9, 'condition': 'Clear'}
[2024-11-25T21:48:54.526+0000] {operator.py:29} INFO - Writing weather to /opt/***/data/Moscow_20241126.json
[2024-11-25T21:48:54.543+0000] {taskinstance.py:340} INFO - ::group::Post task execution logs
[2024-11-25T21:48:54.545+0000] {taskinstance.py:352} INFO - Marking task as SUCCESS. dag_id=extract_weather, task_id=extract_data, run_id=manual__2024-11-25T21:43:37.102564+00:00, execution_date=20241125T214337, start_date=20241125T214853, end_date=20241125T214854
[2024-11-25T21:48:54.627+0000] {local_task_job_runner.py:266} INFO - Task exited with return code 0
[2024-11-25T21:48:54.670+0000] {taskinstance.py:3900} INFO - 0 downstream tasks scheduled from follow-on schedule check
[2024-11-25T21:48:54.976+0000] {local_task_job_runner.py:245} INFO - ::endgroup::
