[2024-11-25T22:33:12.338+0000] {local_task_job_runner.py:123} INFO - ::group::Pre task execution logs
[2024-11-25T22:33:12.366+0000] {taskinstance.py:2612} INFO - Dependencies all met for dep_context=non-requeueable deps ti=<TaskInstance: extract_weather_dag.extract_data manual__2024-11-25T22:32:34.034273+00:00 map_index=5 [queued]>
[2024-11-25T22:33:12.382+0000] {taskinstance.py:2612} INFO - Dependencies all met for dep_context=requeueable deps ti=<TaskInstance: extract_weather_dag.extract_data manual__2024-11-25T22:32:34.034273+00:00 map_index=5 [queued]>
[2024-11-25T22:33:12.383+0000] {taskinstance.py:2865} INFO - Starting attempt 1 of 2
[2024-11-25T22:33:12.399+0000] {taskinstance.py:2888} INFO - Executing <Mapped(WeatherToCSVOperator): extract_data> on 2024-11-25 22:32:34.034273+00:00
[2024-11-25T22:33:12.409+0000] {standard_task_runner.py:104} INFO - Running: ['***', 'tasks', 'run', 'extract_weather_dag', 'extract_data', 'manual__2024-11-25T22:32:34.034273+00:00', '--job-id', '25', '--raw', '--subdir', 'DAGS_FOLDER/extract_weather.py', '--cfg-path', '/tmp/tmp1darobxl', '--map-index', '5']
[2024-11-25T22:33:12.410+0000] {logging_mixin.py:190} WARNING - /home/***/.local/lib/python3.12/site-packages/***/task/task_runner/standard_task_runner.py:70 DeprecationWarning: This process (pid=367) is multi-threaded, use of fork() may lead to deadlocks in the child.
[2024-11-25T22:33:12.411+0000] {standard_task_runner.py:105} INFO - Job 25: Subtask extract_data
[2024-11-25T22:33:12.412+0000] {standard_task_runner.py:72} INFO - Started process 374 to run task
[2024-11-25T22:33:12.429+0000] {logging_mixin.py:190} WARNING - /home/***/.local/lib/python3.12/site-packages/***/settings.py:209 DeprecationWarning: The sql_alchemy_conn option in [core] has been moved to the sql_alchemy_conn option in [database] - the old setting has been used, but please update your config.
[2024-11-25T22:33:12.478+0000] {task_command.py:467} INFO - Running <TaskInstance: extract_weather_dag.extract_data manual__2024-11-25T22:32:34.034273+00:00 map_index=5 [running]> on host ac9b5e0c2e2c
[2024-11-25T22:33:12.595+0000] {taskinstance.py:3131} INFO - Exporting env vars: AIRFLOW_CTX_DAG_OWNER='***' AIRFLOW_CTX_DAG_ID='extract_weather_dag' AIRFLOW_CTX_TASK_ID='extract_data' AIRFLOW_CTX_EXECUTION_DATE='2024-11-25T22:32:34.034273+00:00' AIRFLOW_CTX_TRY_NUMBER='1' AIRFLOW_CTX_DAG_RUN_ID='manual__2024-11-25T22:32:34.034273+00:00'
[2024-11-25T22:33:12.597+0000] {taskinstance.py:731} INFO - ::endgroup::
[2024-11-25T22:33:12.599+0000] {operator.py:23} INFO - Fetching weather in Paris
[2024-11-25T22:33:12.615+0000] {base.py:84} INFO - Retrieving connection 'weather_api'
[2024-11-25T22:33:12.808+0000] {operator.py:26} INFO - Create DataFrame
[2024-11-25T22:33:12.810+0000] {operator.py:29} INFO - Writing weather to /opt/***/data/Berlin_20241126.csv
[2024-11-25T22:33:12.820+0000] {operator.py:32} INFO - Weather data written to /opt/***/data/Berlin_20241126.csv
[2024-11-25T22:33:12.834+0000] {taskinstance.py:340} INFO - ::group::Post task execution logs
[2024-11-25T22:33:12.835+0000] {taskinstance.py:352} INFO - Marking task as SUCCESS. dag_id=extract_weather_dag, task_id=extract_data, run_id=manual__2024-11-25T22:32:34.034273+00:00, map_index=5, execution_date=20241125T223234, start_date=20241125T223312, end_date=20241125T223312
[2024-11-25T22:33:12.869+0000] {local_task_job_runner.py:266} INFO - Task exited with return code 0
[2024-11-25T22:33:12.892+0000] {taskinstance.py:3900} INFO - 0 downstream tasks scheduled from follow-on schedule check
[2024-11-25T22:33:12.894+0000] {local_task_job_runner.py:245} INFO - ::endgroup::
