[2024-11-25T22:03:02.004+0000] {local_task_job_runner.py:123} INFO - ::group::Pre task execution logs
[2024-11-25T22:03:02.025+0000] {taskinstance.py:2612} INFO - Dependencies all met for dep_context=non-requeueable deps ti=<TaskInstance: extract_weather.extract_data manual__2024-11-25T21:58:23.338153+00:00 [queued]>
[2024-11-25T22:03:02.035+0000] {taskinstance.py:2612} INFO - Dependencies all met for dep_context=requeueable deps ti=<TaskInstance: extract_weather.extract_data manual__2024-11-25T21:58:23.338153+00:00 [queued]>
[2024-11-25T22:03:02.036+0000] {taskinstance.py:2865} INFO - Starting attempt 4 of 5
[2024-11-25T22:03:02.053+0000] {taskinstance.py:2888} INFO - Executing <Task(WeatherToCSVOperator): extract_data> on 2024-11-25 21:58:23.338153+00:00
[2024-11-25T22:03:02.062+0000] {logging_mixin.py:190} WARNING - /home/***/.local/lib/python3.12/site-packages/***/task/task_runner/standard_task_runner.py:70 DeprecationWarning: This process (pid=118) is multi-threaded, use of fork() may lead to deadlocks in the child.
[2024-11-25T22:03:02.063+0000] {standard_task_runner.py:72} INFO - Started process 125 to run task
[2024-11-25T22:03:02.062+0000] {standard_task_runner.py:104} INFO - Running: ['***', 'tasks', 'run', 'extract_weather', 'extract_data', 'manual__2024-11-25T21:58:23.338153+00:00', '--job-id', '11', '--raw', '--subdir', 'DAGS_FOLDER/extract_weather.py', '--cfg-path', '/tmp/tmp572vbn_a']
[2024-11-25T22:03:02.065+0000] {standard_task_runner.py:105} INFO - Job 11: Subtask extract_data
[2024-11-25T22:03:02.085+0000] {logging_mixin.py:190} WARNING - /home/***/.local/lib/python3.12/site-packages/***/settings.py:209 DeprecationWarning: The sql_alchemy_conn option in [core] has been moved to the sql_alchemy_conn option in [database] - the old setting has been used, but please update your config.
[2024-11-25T22:03:02.127+0000] {task_command.py:467} INFO - Running <TaskInstance: extract_weather.extract_data manual__2024-11-25T21:58:23.338153+00:00 [running]> on host ac9b5e0c2e2c
[2024-11-25T22:03:02.225+0000] {taskinstance.py:3131} INFO - Exporting env vars: AIRFLOW_CTX_DAG_OWNER='***' AIRFLOW_CTX_DAG_ID='extract_weather' AIRFLOW_CTX_TASK_ID='extract_data' AIRFLOW_CTX_EXECUTION_DATE='2024-11-25T21:58:23.338153+00:00' AIRFLOW_CTX_TRY_NUMBER='4' AIRFLOW_CTX_DAG_RUN_ID='manual__2024-11-25T21:58:23.338153+00:00'
[2024-11-25T22:03:02.226+0000] {taskinstance.py:731} INFO - ::endgroup::
[2024-11-25T22:03:02.240+0000] {operator.py:25} INFO - Fetching weather in Moscow
[2024-11-25T22:03:02.252+0000] {base.py:84} INFO - Retrieving connection 'weather_api'
[2024-11-25T22:03:02.889+0000] {operator.py:29} INFO - Fetched {'temp_c': -2.8, 'condition': 'Clear'}
[2024-11-25T22:03:02.890+0000] {operator.py:30} INFO - Writing weather to /opt/***/data/Moscow_20241126.json
[2024-11-25T22:03:02.916+0000] {operator.py:35} INFO - Weather data written to /opt/***/data/Moscow_20241126.json
[2024-11-25T22:03:02.929+0000] {taskinstance.py:340} INFO - ::group::Post task execution logs
[2024-11-25T22:03:02.930+0000] {taskinstance.py:352} INFO - Marking task as SUCCESS. dag_id=extract_weather, task_id=extract_data, run_id=manual__2024-11-25T21:58:23.338153+00:00, execution_date=20241125T215823, start_date=20241125T220302, end_date=20241125T220302
[2024-11-25T22:03:02.964+0000] {local_task_job_runner.py:266} INFO - Task exited with return code 0
[2024-11-25T22:03:02.986+0000] {taskinstance.py:3900} INFO - 0 downstream tasks scheduled from follow-on schedule check
[2024-11-25T22:03:02.988+0000] {local_task_job_runner.py:245} INFO - ::endgroup::
